<?xml version="1.0" encoding="utf-8"?>
<CoverageSession xmlns:xsd="http://www.w3.org/2001/XMLSchema" xmlns:xsi="http://www.w3.org/2001/XMLSchema-instance">
  <Summary numSequencePoints="0" visitedSequencePoints="0" numBranchPoints="0" visitedBranchPoints="0" sequenceCoverage="0" branchCoverage="0" maxCyclomaticComplexity="0" minCyclomaticComplexity="0" visitedClasses="0" numClasses="0" visitedMethods="0" numMethods="0" />
  <Modules>
    <Module skippedDueTo="Filter" hash="13-B4-7C-EF-85-9A-B9-BA-EE-A3-31-4D-1B-0D-54-8B-00-72-9B-CD">
      <ModulePath>C:\Program Files\dotnet\shared\Microsoft.NETCore.App\2.1.4\System.Private.CoreLib.dll</ModulePath>
      <ModuleTime>2018-08-14T02:22:08Z</ModuleTime>
      <ModuleName>System.Private.CoreLib</ModuleName>
      <Classes />
    </Module>
    <Module skippedDueTo="Filter" hash="9C-DD-99-2D-46-64-AC-52-23-64-29-39-D5-7F-72-5E-21-35-BA-4D">
      <ModulePath>C:\Program Files\dotnet\sdk\2.1.402\dotnet.dll</ModulePath>
      <ModuleTime>2018-08-30T19:35:14Z</ModuleTime>
      <ModuleName>dotnet</ModuleName>
      <Classes />
    </Module>
    <Module skippedDueTo="Filter" hash="E8-F7-67-C1-A6-5E-71-22-90-79-D8-36-E5-55-24-52-CE-D2-F5-9D">
      <ModulePath>C:\Program Files\dotnet\shared\Microsoft.NETCore.App\2.1.4\System.Runtime.dll</ModulePath>
      <ModuleTime>2018-08-14T02:22:08Z</ModuleTime>
      <ModuleName>System.Runtime</ModuleName>
      <Classes />
    </Module>
    <Module skippedDueTo="Filter" hash="36-BE-C7-A6-75-55-99-C0-33-75-0C-51-96-D3-75-D0-DC-DE-F7-92">
      <ModulePath>C:\Program Files\dotnet\sdk\2.1.402\Microsoft.DotNet.Cli.Utils.dll</ModulePath>
      <ModuleTime>2018-08-30T19:36:14Z</ModuleTime>
      <ModuleName>Microsoft.DotNet.Cli.Utils</ModuleName>
      <Classes />
    </Module>
    <Module skippedDueTo="Filter" hash="E1-AA-1B-C3-75-B4-55-78-B7-13-55-79-5C-DD-73-C4-0E-61-4E-3B">
      <ModulePath>C:\Program Files\dotnet\shared\Microsoft.NETCore.App\2.1.4\netstandard.dll</ModulePath>
      <ModuleTime>2018-08-14T02:22:08Z</ModuleTime>
      <ModuleName>netstandard</ModuleName>
      <Classes />
    </Module>
    <Module skippedDueTo="Filter" hash="4F-3B-C4-27-2B-4F-09-B2-12-5C-42-2C-A0-4D-48-22-7E-5F-C0-20">
      <ModulePath>C:\Program Files\dotnet\shared\Microsoft.NETCore.App\2.1.4\System.Runtime.Extensions.dll</ModulePath>
      <ModuleTime>2018-08-14T02:22:06Z</ModuleTime>
      <ModuleName>System.Runtime.Extensions</ModuleName>
      <Classes />
    </Module>
    <Module skippedDueTo="Filter" hash="FD-CB-C5-BF-CC-05-21-89-A0-5D-A7-0D-12-6D-11-1A-44-68-78-89">
      <ModulePath>C:\Program Files\dotnet\shared\Microsoft.NETCore.App\2.1.4\System.Runtime.Loader.dll</ModulePath>
      <ModuleTime>2018-08-14T02:22:08Z</ModuleTime>
      <ModuleName>System.Runtime.Loader</ModuleName>
      <Classes />
    </Module>
    <Module skippedDueTo="Filter" hash="E7-F5-2E-AA-19-A2-59-A3-F5-08-F8-A0-17-77-85-E6-D5-14-22-A4">
      <ModulePath>C:\Program Files\dotnet\sdk\2.1.402\Microsoft.DotNet.PlatformAbstractions.dll</ModulePath>
      <ModuleTime>2018-08-30T19:36:14Z</ModuleTime>
      <ModuleName>Microsoft.DotNet.PlatformAbstractions</ModuleName>
      <Classes />
    </Module>
    <Module skippedDueTo="Filter" hash="D5-AA-D5-C7-0C-0A-C7-1F-15-5C-7F-E5-75-20-F4-62-1A-5C-9B-A3">
      <ModulePath>C:\Program Files\dotnet\shared\Microsoft.NETCore.App\2.1.4\System.Runtime.InteropServices.RuntimeInformation.dll</ModulePath>
      <ModuleTime>2018-08-14T02:22:06Z</ModuleTime>
      <ModuleName>System.Runtime.InteropServices.RuntimeInformation</ModuleName>
      <Classes />
    </Module>
    <Module skippedDueTo="Filter" hash="E3-4C-E2-08-88-26-02-19-7D-F4-60-11-C0-9E-F7-BA-6B-29-42-D0">
      <ModulePath>C:\Program Files\dotnet\shared\Microsoft.NETCore.App\2.1.4\System.Runtime.InteropServices.dll</ModulePath>
      <ModuleTime>2018-08-14T02:22:08Z</ModuleTime>
      <ModuleName>System.Runtime.InteropServices</ModuleName>
      <Classes />
    </Module>
    <Module skippedDueTo="Filter" hash="CD-24-AD-3E-27-6B-E0-B2-4B-4D-A8-58-5F-4C-53-FA-BD-2C-FD-69">
      <ModulePath>C:\Program Files\dotnet\shared\Microsoft.NETCore.App\2.1.4\System.Threading.dll</ModulePath>
      <ModuleTime>2018-08-14T02:22:08Z</ModuleTime>
      <ModuleName>System.Threading</ModuleName>
      <Classes />
    </Module>
    <Module skippedDueTo="Filter" hash="2A-22-00-69-69-85-FA-C4-C0-A3-CE-1B-40-9B-D5-78-89-B1-3F-35">
      <ModulePath>C:\Program Files\dotnet\shared\Microsoft.NETCore.App\2.1.4\System.IO.FileSystem.dll</ModulePath>
      <ModuleTime>2018-08-14T02:22:04Z</ModuleTime>
      <ModuleName>System.IO.FileSystem</ModuleName>
      <Classes />
    </Module>
    <Module skippedDueTo="Filter" hash="6A-F0-2A-6F-22-B3-7D-EA-49-66-95-D8-CE-17-97-FA-C9-FB-0B-45">
      <ModulePath>C:\Program Files\dotnet\sdk\2.1.402\runtimes\win\lib\netcoreapp2.0\System.Text.Encoding.CodePages.dll</ModulePath>
      <ModuleTime>2018-08-30T19:35:16Z</ModuleTime>
      <ModuleName>System.Text.Encoding.CodePages</ModuleName>
      <Classes />
    </Module>
    <Module skippedDueTo="Filter" hash="6B-9C-F2-3D-A4-7B-34-F0-CD-57-9D-4D-66-5D-CC-66-FD-A5-C1-12">
      <ModulePath>C:\Program Files\dotnet\shared\Microsoft.NETCore.App\2.1.4\System.Collections.dll</ModulePath>
      <ModuleTime>2018-08-14T02:22:02Z</ModuleTime>
      <ModuleName>System.Collections</ModuleName>
      <Classes />
    </Module>
    <Module skippedDueTo="Filter" hash="0E-93-48-E7-BA-9F-E3-6C-49-53-F6-C6-4D-5A-10-7B-C2-CA-AE-35">
      <ModulePath>C:\Program Files\dotnet\shared\Microsoft.NETCore.App\2.1.4\System.Collections.Concurrent.dll</ModulePath>
      <ModuleTime>2018-08-14T02:22:02Z</ModuleTime>
      <ModuleName>System.Collections.Concurrent</ModuleName>
      <Classes />
    </Module>
    <Module skippedDueTo="Filter" hash="CD-3B-6E-3D-E5-27-AC-18-69-26-B3-DC-3B-0C-98-65-B8-E0-30-2E">
      <ModulePath>C:\Program Files\dotnet\shared\Microsoft.NETCore.App\2.1.4\System.Threading.Thread.dll</ModulePath>
      <ModuleTime>2018-08-14T02:22:08Z</ModuleTime>
      <ModuleName>System.Threading.Thread</ModuleName>
      <Classes />
    </Module>
    <Module skippedDueTo="Filter" hash="A7-3E-80-62-7C-2A-E4-E0-32-FE-B9-37-29-C5-91-52-55-9A-DF-26">
      <ModulePath>C:\Program Files\dotnet\sdk\2.1.402\Microsoft.DotNet.Configurer.dll</ModulePath>
      <ModuleTime>2018-08-30T19:36:14Z</ModuleTime>
      <ModuleName>Microsoft.DotNet.Configurer</ModuleName>
      <Classes />
    </Module>
    <Module skippedDueTo="Filter" hash="41-F7-0D-07-F4-7D-58-A0-E9-E4-D4-E3-CA-DE-2D-A4-47-B8-CB-89">
      <ModulePath>C:\Program Files\dotnet\sdk\2.1.402\Microsoft.DotNet.Cli.CommandLine.dll</ModulePath>
      <ModuleTime>2018-08-30T19:36:10Z</ModuleTime>
      <ModuleName>Microsoft.DotNet.Cli.CommandLine</ModuleName>
      <Classes />
    </Module>
    <Module skippedDueTo="Filter" hash="27-1A-7E-73-D4-94-0D-BA-E2-A8-41-69-62-22-03-A5-AA-75-D3-18">
      <ModulePath>C:\Program Files\dotnet\shared\Microsoft.NETCore.App\2.1.4\System.Diagnostics.Process.dll</ModulePath>
      <ModuleTime>2018-08-14T02:22:02Z</ModuleTime>
      <ModuleName>System.Diagnostics.Process</ModuleName>
      <Classes />
    </Module>
    <Module skippedDueTo="Filter" hash="22-93-94-E1-DA-C3-F9-ED-3E-E3-05-56-E9-DC-F9-62-18-26-C2-C0">
      <ModulePath>C:\Program Files\dotnet\sdk\2.1.402\Microsoft.DotNet.InternalAbstractions.dll</ModulePath>
      <ModuleTime>2018-08-30T19:36:12Z</ModuleTime>
      <ModuleName>Microsoft.DotNet.InternalAbstractions</ModuleName>
      <Classes />
    </Module>
    <Module skippedDueTo="Filter" hash="06-F7-72-EE-F5-31-8E-E0-77-F6-46-5F-98-A6-83-C4-29-04-EF-D7">
      <ModulePath>C:\Program Files\dotnet\shared\Microsoft.NETCore.App\2.1.4\System.Linq.dll</ModulePath>
      <ModuleTime>2018-08-14T02:22:04Z</ModuleTime>
      <ModuleName>System.Linq</ModuleName>
      <Classes />
    </Module>
    <Module skippedDueTo="Filter" hash="87-FC-44-F8-74-4B-2B-E2-67-C0-9D-A3-DB-7C-C3-AC-42-09-E2-F4">
      <ModulePath>C:\Program Files\dotnet\sdk\2.1.402\NuGet.Frameworks.dll</ModulePath>
      <ModuleTime>2018-08-30T19:38:30Z</ModuleTime>
      <ModuleName>NuGet.Frameworks</ModuleName>
      <Classes />
    </Module>
    <Module skippedDueTo="Filter" hash="E0-72-C3-C9-40-8C-19-2C-23-EA-42-9D-AD-BF-17-15-85-86-3D-7D">
      <ModulePath>C:\Program Files\dotnet\shared\Microsoft.NETCore.App\2.1.4\System.Console.dll</ModulePath>
      <ModuleTime>2018-08-14T02:22:02Z</ModuleTime>
      <ModuleName>System.Console</ModuleName>
      <Classes />
    </Module>
    <Module skippedDueTo="Filter" hash="A5-26-51-59-8E-75-6F-71-44-5D-7D-06-EF-F4-23-40-22-DF-0A-78">
      <ModulePath>C:\Program Files\dotnet\shared\Microsoft.NETCore.App\2.1.4\System.IO.FileSystem.Primitives.dll</ModulePath>
      <ModuleTime>2018-08-14T02:22:04Z</ModuleTime>
      <ModuleName>System.IO.FileSystem.Primitives</ModuleName>
      <Classes />
    </Module>
    <Module skippedDueTo="Filter" hash="83-B1-69-D3-08-9D-97-7E-F5-D7-67-50-14-1B-B4-C7-DD-F1-BC-0C">
      <ModulePath>C:\Program Files\dotnet\shared\Microsoft.NETCore.App\2.1.4\System.Memory.dll</ModulePath>
      <ModuleTime>2018-08-14T02:22:04Z</ModuleTime>
      <ModuleName>System.Memory</ModuleName>
      <Classes />
    </Module>
    <Module skippedDueTo="Filter" hash="13-42-55-AB-80-99-62-38-36-4A-D9-DC-54-88-AE-FE-D6-23-74-68">
      <ModulePath>C:\Program Files\dotnet\shared\Microsoft.NETCore.App\2.1.4\System.IO.dll</ModulePath>
      <ModuleTime>2018-08-14T02:22:04Z</ModuleTime>
      <ModuleName>System.IO</ModuleName>
      <Classes />
    </Module>
    <Module skippedDueTo="Filter" hash="4A-71-08-18-E1-89-15-BC-F6-E4-94-44-93-E7-EA-87-07-75-AA-69">
      <ModulePath>C:\Program Files\dotnet\shared\Microsoft.NETCore.App\2.1.4\System.Text.Encoding.Extensions.dll</ModulePath>
      <ModuleTime>2018-08-14T02:22:08Z</ModuleTime>
      <ModuleName>System.Text.Encoding.Extensions</ModuleName>
      <Classes />
    </Module>
    <Module skippedDueTo="Filter" hash="EA-C7-51-DC-FB-1D-1F-12-7F-DE-F3-05-A3-C3-1C-A7-15-98-38-47">
      <ModulePath>C:\Program Files\dotnet\sdk\2.1.402\Microsoft.ApplicationInsights.dll</ModulePath>
      <ModuleTime>2018-08-30T19:36:24Z</ModuleTime>
      <ModuleName>Microsoft.ApplicationInsights</ModuleName>
      <Classes />
    </Module>
    <Module skippedDueTo="Filter" hash="8C-21-EE-03-6A-4E-44-15-5A-32-F5-1A-D3-D5-2E-AB-18-D4-1A-C3">
      <ModulePath>C:\Program Files\dotnet\shared\Microsoft.NETCore.App\2.1.4\System.Reflection.Extensions.dll</ModulePath>
      <ModuleTime>2018-08-14T02:22:06Z</ModuleTime>
      <ModuleName>System.Reflection.Extensions</ModuleName>
      <Classes />
    </Module>
    <Module skippedDueTo="Filter" hash="91-81-5D-61-20-A6-23-12-7B-8F-AE-2A-51-CD-32-E9-37-38-57-8C">
      <ModulePath>C:\Program Files\dotnet\shared\Microsoft.NETCore.App\2.1.4\System.Reflection.dll</ModulePath>
      <ModuleTime>2018-08-14T02:22:06Z</ModuleTime>
      <ModuleName>System.Reflection</ModuleName>
      <Classes />
    </Module>
    <Module skippedDueTo="Filter" hash="43-7D-F3-12-A0-E8-D6-15-73-38-F6-F8-36-B4-B8-1D-85-B7-2F-CD">
      <ModulePath>C:\Program Files\dotnet\shared\Microsoft.NETCore.App\2.1.4\System.Xml.XDocument.dll</ModulePath>
      <ModuleTime>2018-08-14T02:22:08Z</ModuleTime>
      <ModuleName>System.Xml.XDocument</ModuleName>
      <Classes />
    </Module>
    <Module skippedDueTo="Filter" hash="C7-73-EA-BF-21-79-2B-AA-36-96-FD-F7-9A-D6-4F-B2-D3-18-80-FA">
      <ModulePath>C:\Program Files\dotnet\shared\Microsoft.NETCore.App\2.1.4\System.Security.Cryptography.Algorithms.dll</ModulePath>
      <ModuleTime>2018-08-14T02:22:08Z</ModuleTime>
      <ModuleName>System.Security.Cryptography.Algorithms</ModuleName>
      <Classes />
    </Module>
    <Module skippedDueTo="Filter" hash="26-C9-3E-E8-3B-53-38-87-FB-5E-19-76-2C-C2-01-B1-FC-F8-CA-73">
      <ModulePath>C:\Program Files\dotnet\shared\Microsoft.NETCore.App\2.1.4\System.Private.Xml.Linq.dll</ModulePath>
      <ModuleTime>2018-08-14T02:22:06Z</ModuleTime>
      <ModuleName>System.Private.Xml.Linq</ModuleName>
      <Classes />
    </Module>
    <Module skippedDueTo="Filter" hash="94-FE-92-D4-F8-BA-A4-F0-EF-67-2E-A1-24-87-4F-7F-96-BF-76-BB">
      <ModulePath>C:\Program Files\dotnet\shared\Microsoft.NETCore.App\2.1.4\System.Security.Cryptography.Primitives.dll</ModulePath>
      <ModuleTime>2018-08-14T02:22:08Z</ModuleTime>
      <ModuleName>System.Security.Cryptography.Primitives</ModuleName>
      <Classes />
    </Module>
    <Module skippedDueTo="Filter" hash="AE-B4-10-10-6F-EB-96-8A-FE-CD-5F-FB-DB-92-88-C1-A0-C0-6F-AD">
      <ModulePath>C:\Program Files\dotnet\sdk\2.1.402\Microsoft.TemplateEngine.Cli.dll</ModulePath>
      <ModuleTime>2018-08-30T19:36:14Z</ModuleTime>
      <ModuleName>Microsoft.TemplateEngine.Cli</ModuleName>
      <Classes />
    </Module>
    <Module skippedDueTo="Filter" hash="7F-FB-81-39-FC-B7-D6-B0-6E-E7-F1-D1-B8-35-3B-0B-C1-31-4B-F1">
      <ModulePath>C:\Program Files\dotnet\shared\Microsoft.NETCore.App\2.1.4\System.Resources.ResourceManager.dll</ModulePath>
      <ModuleTime>2018-08-14T02:22:06Z</ModuleTime>
      <ModuleName>System.Resources.ResourceManager</ModuleName>
      <Classes />
    </Module>
    <Module skippedDueTo="Filter" hash="10-EB-DE-5D-62-68-1F-82-8E-0A-AE-A3-A5-B9-69-7E-94-CB-59-C1">
      <ModulePath>C:\Program Files\dotnet\shared\Microsoft.NETCore.App\2.1.4\System.Private.Xml.dll</ModulePath>
      <ModuleTime>2018-08-14T02:22:06Z</ModuleTime>
      <ModuleName>System.Private.Xml</ModuleName>
      <Classes />
    </Module>
    <Module skippedDueTo="Filter" hash="E4-CB-22-DC-5D-F1-10-CE-18-6A-00-61-0E-80-EF-6A-7F-E1-0F-6C">
      <ModulePath>C:\Program Files\dotnet\shared\Microsoft.NETCore.App\2.1.4\System.Globalization.dll</ModulePath>
      <ModuleTime>2018-08-14T02:22:04Z</ModuleTime>
      <ModuleName>System.Globalization</ModuleName>
      <Classes />
    </Module>
    <Module skippedDueTo="Filter" hash="C5-BB-E6-D5-7B-1E-87-E9-0D-6C-AD-99-BA-85-E5-5A-3C-E9-DC-F6">
      <ModulePath>C:\Program Files\dotnet\shared\Microsoft.NETCore.App\2.1.4\System.Xml.ReaderWriter.dll</ModulePath>
      <ModuleTime>2018-08-14T02:22:08Z</ModuleTime>
      <ModuleName>System.Xml.ReaderWriter</ModuleName>
      <Classes />
    </Module>
    <Module skippedDueTo="Filter" hash="86-B1-BB-74-9E-B8-86-AC-75-A0-AB-A8-7F-1D-AF-8E-60-BA-EE-95">
      <ModulePath>C:\Program Files\dotnet\shared\Microsoft.NETCore.App\2.1.4\System.Diagnostics.Tracing.dll</ModulePath>
      <ModuleTime>2018-08-14T02:22:02Z</ModuleTime>
      <ModuleName>System.Diagnostics.Tracing</ModuleName>
      <Classes />
    </Module>
    <Module skippedDueTo="Filter" hash="36-51-98-6C-7F-AF-15-27-12-4F-0C-A2-11-40-26-56-52-F8-41-60">
      <ModulePath>C:\Program Files\dotnet\shared\Microsoft.NETCore.App\2.1.4\System.Private.Uri.dll</ModulePath>
      <ModuleTime>2018-08-14T02:22:06Z</ModuleTime>
      <ModuleName>System.Private.Uri</ModuleName>
      <Classes />
    </Module>
    <Module skippedDueTo="Filter" hash="F6-8D-85-83-C0-44-D5-D1-A0-CE-05-93-04-4C-1B-EB-46-15-A8-95">
      <ModulePath>C:\Program Files\dotnet\shared\Microsoft.NETCore.App\2.1.4\System.Threading.Tasks.dll</ModulePath>
      <ModuleTime>2018-08-14T02:22:08Z</ModuleTime>
      <ModuleName>System.Threading.Tasks</ModuleName>
      <Classes />
    </Module>
    <Module skippedDueTo="Filter" hash="B6-25-6A-1C-E4-57-B8-82-39-55-AB-F6-DC-DC-F1-23-24-26-E9-36">
      <ModulePath>C:\Program Files\dotnet\shared\Microsoft.NETCore.App\2.1.4\System.Text.RegularExpressions.dll</ModulePath>
      <ModuleTime>2018-08-14T02:22:08Z</ModuleTime>
      <ModuleName>System.Text.RegularExpressions</ModuleName>
      <Classes />
    </Module>
    <Module skippedDueTo="Filter" hash="01-54-B2-E6-93-C2-AB-CA-4B-1A-64-76-0D-D7-77-BB-FC-48-8B-5B">
      <ModulePath>C:\Program Files\dotnet\shared\Microsoft.NETCore.App\2.1.4\System.Buffers.dll</ModulePath>
      <ModuleTime>2018-08-14T02:22:02Z</ModuleTime>
      <ModuleName>System.Buffers</ModuleName>
      <Classes />
    </Module>
    <Module skippedDueTo="Filter" hash="BD-87-6C-31-0C-02-C6-7B-C7-00-1D-FB-21-2F-57-AF-0F-67-20-91">
      <ModulePath>C:\Program Files\dotnet\shared\Microsoft.NETCore.App\2.1.4\System.Reflection.Emit.ILGeneration.dll</ModulePath>
      <ModuleTime>2018-08-14T02:22:06Z</ModuleTime>
      <ModuleName>System.Reflection.Emit.ILGeneration</ModuleName>
      <Classes />
    </Module>
    <Module skippedDueTo="Filter" hash="57-50-2D-73-83-71-94-8E-5C-88-4E-7A-B8-1D-07-A4-4B-B4-A4-8D">
      <ModulePath>C:\Program Files\dotnet\shared\Microsoft.NETCore.App\2.1.4\System.Reflection.Emit.Lightweight.dll</ModulePath>
      <ModuleTime>2018-08-14T02:22:06Z</ModuleTime>
      <ModuleName>System.Reflection.Emit.Lightweight</ModuleName>
      <Classes />
    </Module>
    <Module skippedDueTo="Filter" hash="A0-01-F8-53-B1-DA-96-B8-57-12-70-6C-CB-A3-EB-5E-62-EE-68-B4">
      <ModulePath>C:\Program Files\dotnet\shared\Microsoft.NETCore.App\2.1.4\System.Reflection.Primitives.dll</ModulePath>
      <ModuleTime>2018-08-14T02:22:06Z</ModuleTime>
      <ModuleName>System.Reflection.Primitives</ModuleName>
      <Classes />
    </Module>
    <Module skippedDueTo="Filter" hash="9F-9C-54-18-49-2F-E1-CE-76-92-D5-F6-43-77-10-E6-90-6A-EA-5B">
      <ModulePath>C:\Program Files\dotnet\shared\Microsoft.NETCore.App\2.1.4\Microsoft.Win32.Registry.dll</ModulePath>
      <ModuleTime>2018-08-14T02:22:00Z</ModuleTime>
      <ModuleName>Microsoft.Win32.Registry</ModuleName>
      <Classes />
    </Module>
    <Module skippedDueTo="Filter" hash="49-6F-3E-EC-19-92-5B-85-2D-0B-0E-51-E7-08-2A-A1-E0-EE-87-94">
      <ModulePath>C:\Program Files\dotnet\sdk\2.1.402\Microsoft.TemplateEngine.Utils.dll</ModulePath>
      <ModuleTime>2018-08-30T19:36:16Z</ModuleTime>
      <ModuleName>Microsoft.TemplateEngine.Utils</ModuleName>
      <Classes />
    </Module>
    <Module skippedDueTo="Filter" hash="D7-B4-01-A7-2E-81-A3-3C-C9-76-9B-BF-48-4F-C2-0E-0E-3E-A7-0B">
      <ModulePath>C:\Program Files\dotnet\shared\Microsoft.NETCore.App\2.1.4\System.Diagnostics.Tools.dll</ModulePath>
      <ModuleTime>2018-08-14T02:22:02Z</ModuleTime>
      <ModuleName>System.Diagnostics.Tools</ModuleName>
      <Classes />
    </Module>
    <Module skippedDueTo="Filter" hash="33-4D-E8-3E-46-9C-56-7B-46-CE-C5-08-DC-BB-5D-54-F9-D7-BC-A1">
      <ModulePath>C:\Program Files\dotnet\shared\Microsoft.NETCore.App\2.1.4\System.Diagnostics.Debug.dll</ModulePath>
      <ModuleTime>2018-08-14T02:22:02Z</ModuleTime>
      <ModuleName>System.Diagnostics.Debug</ModuleName>
      <Classes />
    </Module>
    <Module skippedDueTo="Filter" hash="62-11-57-7A-C7-F5-B2-04-4E-18-5A-08-07-92-88-51-61-70-6F-2C">
      <ModulePath>C:\Program Files\dotnet\shared\Microsoft.NETCore.App\2.1.4\System.Text.Encoding.dll</ModulePath>
      <ModuleTime>2018-08-14T02:22:08Z</ModuleTime>
      <ModuleName>System.Text.Encoding</ModuleName>
      <Classes />
    </Module>
    <Module skippedDueTo="Filter" hash="EA-6F-4D-84-84-E1-92-8F-77-18-67-DC-F0-10-2B-8F-7A-CE-06-4A">
      <ModulePath>C:\Program Files\dotnet\shared\Microsoft.NETCore.App\2.1.4\System.IO.Compression.dll</ModulePath>
      <ModuleTime>2018-08-14T02:22:04Z</ModuleTime>
      <ModuleName>System.IO.Compression</ModuleName>
      <Classes />
    </Module>
    <Module skippedDueTo="Filter" hash="D1-D5-A4-A7-34-F5-E4-DA-92-3C-A5-11-43-DD-49-3C-34-17-44-C5">
      <ModulePath>C:\Program Files\dotnet\shared\Microsoft.NETCore.App\2.1.4\System.Net.Http.dll</ModulePath>
      <ModuleTime>2018-08-14T02:22:04Z</ModuleTime>
      <ModuleName>System.Net.Http</ModuleName>
      <Classes />
    </Module>
    <Module skippedDueTo="Filter" hash="AD-8F-64-C1-D6-2D-EF-91-17-D1-BE-63-1F-1D-2E-12-D5-40-A9-8D">
      <ModulePath>C:\Program Files\dotnet\shared\Microsoft.NETCore.App\2.1.4\System.Net.Primitives.dll</ModulePath>
      <ModuleTime>2018-08-14T02:22:04Z</ModuleTime>
      <ModuleName>System.Net.Primitives</ModuleName>
      <Classes />
    </Module>
    <Module skippedDueTo="Filter" hash="54-FD-60-40-4B-DE-85-03-49-0A-78-7C-87-E6-03-FD-77-C1-6E-7A">
      <ModulePath>C:\Program Files\dotnet\shared\Microsoft.NETCore.App\2.1.4\System.Net.Security.dll</ModulePath>
      <ModuleTime>2018-08-14T02:22:04Z</ModuleTime>
      <ModuleName>System.Net.Security</ModuleName>
      <Classes />
    </Module>
    <Module skippedDueTo="Filter" hash="1B-5C-74-6A-88-02-05-4A-72-EB-D3-41-14-1A-03-1C-63-54-76-7B">
      <ModulePath>C:\Program Files\dotnet\shared\Microsoft.NETCore.App\2.1.4\System.Security.Cryptography.X509Certificates.dll</ModulePath>
      <ModuleTime>2018-08-14T02:22:08Z</ModuleTime>
      <ModuleName>System.Security.Cryptography.X509Certificates</ModuleName>
      <Classes />
    </Module>
    <Module skippedDueTo="Filter" hash="BF-5E-7D-2B-94-16-E0-AC-19-5F-FA-64-78-AC-23-93-60-FE-1E-6C">
      <ModulePath>C:\Program Files\dotnet\sdk\2.1.402\Microsoft.Build.Framework.dll</ModulePath>
      <ModuleTime>2018-08-30T19:36:24Z</ModuleTime>
      <ModuleName>Microsoft.Build.Framework</ModuleName>
      <Classes />
    </Module>
    <Module skippedDueTo="Filter" hash="F5-5D-7A-B2-FA-56-6B-68-B5-D0-C2-3E-2E-05-CC-7E-75-90-A0-63">
      <ModulePath>C:\Program Files\dotnet\shared\Microsoft.NETCore.App\2.1.4\System.ComponentModel.Primitives.dll</ModulePath>
      <ModuleTime>2018-08-14T02:22:02Z</ModuleTime>
      <ModuleName>System.ComponentModel.Primitives</ModuleName>
      <Classes />
    </Module>
    <Module skippedDueTo="Filter" hash="F9-97-65-2B-9C-62-35-4F-83-37-8B-6F-2F-35-7C-36-07-CC-98-CD">
      <ModulePath>C:\Program Files\dotnet\shared\Microsoft.NETCore.App\2.1.4\Microsoft.Win32.Primitives.dll</ModulePath>
      <ModuleTime>2018-08-14T02:22:00Z</ModuleTime>
      <ModuleName>Microsoft.Win32.Primitives</ModuleName>
      <Classes />
    </Module>
    <Module skippedDueTo="Filter" hash="8F-64-E9-27-FE-4B-1D-35-90-D1-35-87-B6-02-DD-44-45-1C-76-0F">
      <ModulePath>C:\Program Files\dotnet\shared\Microsoft.NETCore.App\2.1.4\System.Diagnostics.DiagnosticSource.dll</ModulePath>
      <ModuleTime>2018-08-14T02:22:02Z</ModuleTime>
      <ModuleName>System.Diagnostics.DiagnosticSource</ModuleName>
      <Classes />
    </Module>
    <Module skippedDueTo="Filter" hash="DB-18-B8-60-92-CF-EB-77-D9-93-D4-20-1D-8B-6A-64-1F-FA-65-A0">
      <ModulePath>C:\Program Files\dotnet\shared\Microsoft.NETCore.App\2.1.4\System.Collections.NonGeneric.dll</ModulePath>
      <ModuleTime>2018-08-14T02:22:02Z</ModuleTime>
      <ModuleName>System.Collections.NonGeneric</ModuleName>
      <Classes />
    </Module>
    <Module skippedDueTo="Filter" hash="9B-EB-64-A8-4E-A4-10-CD-91-3C-9A-66-1D-16-3C-06-7B-8B-FB-3A">
      <ModulePath>C:\Program Files\dotnet\shared\Microsoft.NETCore.App\2.1.4\System.Threading.Timer.dll</ModulePath>
      <ModuleTime>2018-08-14T02:22:08Z</ModuleTime>
      <ModuleName>System.Threading.Timer</ModuleName>
      <Classes />
    </Module>
    <Module skippedDueTo="Filter" hash="1E-4A-8C-35-FA-8D-3F-EE-B1-55-10-85-CE-94-46-62-BC-14-F7-3B">
      <ModulePath>C:\Program Files\dotnet\shared\Microsoft.NETCore.App\2.1.4\System.Net.NetworkInformation.dll</ModulePath>
      <ModuleTime>2018-08-14T02:22:04Z</ModuleTime>
      <ModuleName>System.Net.NetworkInformation</ModuleName>
      <Classes />
    </Module>
    <Module skippedDueTo="Filter" hash="A0-9D-1D-94-6F-1B-FC-FC-84-FC-29-C7-BB-DA-75-BE-61-FC-32-6A">
      <ModulePath>C:\Program Files\dotnet\shared\Microsoft.NETCore.App\2.1.4\System.Net.Sockets.dll</ModulePath>
      <ModuleTime>2018-08-14T02:22:04Z</ModuleTime>
      <ModuleName>System.Net.Sockets</ModuleName>
      <Classes />
    </Module>
    <Module skippedDueTo="Filter" hash="8B-88-81-6E-31-08-35-2B-54-5D-08-93-06-68-4E-6B-A8-57-55-E3">
      <ModulePath>C:\Program Files\dotnet\shared\Microsoft.NETCore.App\2.1.4\System.Threading.Overlapped.dll</ModulePath>
      <ModuleTime>2018-08-14T02:22:08Z</ModuleTime>
      <ModuleName>System.Threading.Overlapped</ModuleName>
      <Classes />
    </Module>
    <Module skippedDueTo="Filter" hash="FA-75-83-D4-36-F3-47-AD-A3-26-96-BF-FD-05-DC-8F-26-B8-45-5A">
      <ModulePath>C:\Program Files\dotnet\shared\Microsoft.NETCore.App\2.1.4\System.Net.NameResolution.dll</ModulePath>
      <ModuleTime>2018-08-14T02:22:04Z</ModuleTime>
      <ModuleName>System.Net.NameResolution</ModuleName>
      <Classes />
    </Module>
    <Module skippedDueTo="Filter" hash="A8-1F-61-36-72-23-53-F7-9C-20-05-AD-20-C7-16-67-4E-30-0F-3A">
      <ModulePath>C:\Program Files\dotnet\shared\Microsoft.NETCore.App\2.1.4\System.Security.Principal.Windows.dll</ModulePath>
      <ModuleTime>2018-08-14T02:22:08Z</ModuleTime>
      <ModuleName>System.Security.Principal.Windows</ModuleName>
      <Classes />
    </Module>
    <Module skippedDueTo="Filter" hash="3E-1E-E7-1D-E0-F9-62-38-7D-D2-4F-BB-61-44-9D-7B-2A-A4-39-49">
      <ModulePath>C:\Program Files\dotnet\shared\Microsoft.NETCore.App\2.1.4\System.Security.Claims.dll</ModulePath>
      <ModuleTime>2018-08-14T02:22:08Z</ModuleTime>
      <ModuleName>System.Security.Claims</ModuleName>
      <Classes />
    </Module>
    <Module skippedDueTo="Filter" hash="B3-41-C4-98-43-FD-7A-13-6D-74-81-92-71-6B-17-92-9D-AD-89-1E">
      <ModulePath>C:\Program Files\dotnet\shared\Microsoft.NETCore.App\2.1.4\System.Security.Principal.dll</ModulePath>
      <ModuleTime>2018-08-14T02:22:08Z</ModuleTime>
      <ModuleName>System.Security.Principal</ModuleName>
      <Classes />
    </Module>
    <Module skippedDueTo="Filter" hash="13-B4-7C-EF-85-9A-B9-BA-EE-A3-31-4D-1B-0D-54-8B-00-72-9B-CD">
      <ModulePath>C:\Program Files\dotnet\shared\Microsoft.NETCore.App\2.1.4\System.Private.CoreLib.dll</ModulePath>
      <ModuleTime>2018-08-14T02:22:08Z</ModuleTime>
      <ModuleName>System.Private.CoreLib</ModuleName>
      <Classes />
    </Module>
    <Module skippedDueTo="Filter" hash="19-2C-71-56-F7-B3-94-C8-2A-43-D4-A3-8B-11-BE-87-38-D8-F8-5C">
      <ModulePath>C:\Program Files\dotnet\sdk\2.1.402\MSBuild.dll</ModulePath>
      <ModuleTime>2018-08-30T19:39:06Z</ModuleTime>
      <ModuleName>MSBuild</ModuleName>
      <Classes />
    </Module>
    <Module skippedDueTo="Filter" hash="E8-F7-67-C1-A6-5E-71-22-90-79-D8-36-E5-55-24-52-CE-D2-F5-9D">
      <ModulePath>C:\Program Files\dotnet\shared\Microsoft.NETCore.App\2.1.4\System.Runtime.dll</ModulePath>
      <ModuleTime>2018-08-14T02:22:08Z</ModuleTime>
      <ModuleName>System.Runtime</ModuleName>
      <Classes />
    </Module>
    <Module skippedDueTo="Filter" hash="4F-3B-C4-27-2B-4F-09-B2-12-5C-42-2C-A0-4D-48-22-7E-5F-C0-20">
      <ModulePath>C:\Program Files\dotnet\shared\Microsoft.NETCore.App\2.1.4\System.Runtime.Extensions.dll</ModulePath>
      <ModuleTime>2018-08-14T02:22:06Z</ModuleTime>
      <ModuleName>System.Runtime.Extensions</ModuleName>
      <Classes />
    </Module>
    <Module skippedDueTo="Filter" hash="CD-24-AD-3E-27-6B-E0-B2-4B-4D-A8-58-5F-4C-53-FA-BD-2C-FD-69">
      <ModulePath>C:\Program Files\dotnet\shared\Microsoft.NETCore.App\2.1.4\System.Threading.dll</ModulePath>
      <ModuleTime>2018-08-14T02:22:08Z</ModuleTime>
      <ModuleName>System.Threading</ModuleName>
      <Classes />
    </Module>
    <Module skippedDueTo="Filter" hash="D5-AA-D5-C7-0C-0A-C7-1F-15-5C-7F-E5-75-20-F4-62-1A-5C-9B-A3">
      <ModulePath>C:\Program Files\dotnet\shared\Microsoft.NETCore.App\2.1.4\System.Runtime.InteropServices.RuntimeInformation.dll</ModulePath>
      <ModuleTime>2018-08-14T02:22:06Z</ModuleTime>
      <ModuleName>System.Runtime.InteropServices.RuntimeInformation</ModuleName>
      <Classes />
    </Module>
    <Module skippedDueTo="Filter" hash="06-F7-72-EE-F5-31-8E-E0-77-F6-46-5F-98-A6-83-C4-29-04-EF-D7">
      <ModulePath>C:\Program Files\dotnet\shared\Microsoft.NETCore.App\2.1.4\System.Linq.dll</ModulePath>
      <ModuleTime>2018-08-14T02:22:04Z</ModuleTime>
      <ModuleName>System.Linq</ModuleName>
      <Classes />
    </Module>
    <Module skippedDueTo="Filter" hash="B6-25-6A-1C-E4-57-B8-82-39-55-AB-F6-DC-DC-F1-23-24-26-E9-36">
      <ModulePath>C:\Program Files\dotnet\shared\Microsoft.NETCore.App\2.1.4\System.Text.RegularExpressions.dll</ModulePath>
      <ModuleTime>2018-08-14T02:22:08Z</ModuleTime>
      <ModuleName>System.Text.RegularExpressions</ModuleName>
      <Classes />
    </Module>
    <Module skippedDueTo="Filter" hash="6B-9C-F2-3D-A4-7B-34-F0-CD-57-9D-4D-66-5D-CC-66-FD-A5-C1-12">
      <ModulePath>C:\Program Files\dotnet\shared\Microsoft.NETCore.App\2.1.4\System.Collections.dll</ModulePath>
      <ModuleTime>2018-08-14T02:22:02Z</ModuleTime>
      <ModuleName>System.Collections</ModuleName>
      <Classes />
    </Module>
    <Module skippedDueTo="Filter" hash="82-36-67-DD-15-51-19-FA-B7-C9-C2-94-21-6B-D1-77-28-CF-E3-8B">
      <ModulePath>C:\Program Files\dotnet\shared\Microsoft.NETCore.App\2.1.4\System.Security.Cryptography.Encoding.dll</ModulePath>
      <ModuleTime>2018-08-14T02:22:08Z</ModuleTime>
      <ModuleName>System.Security.Cryptography.Encoding</ModuleName>
      <Classes />
    </Module>
    <Module skippedDueTo="Filter" hash="01-54-B2-E6-93-C2-AB-CA-4B-1A-64-76-0D-D7-77-BB-FC-48-8B-5B">
      <ModulePath>C:\Program Files\dotnet\shared\Microsoft.NETCore.App\2.1.4\System.Buffers.dll</ModulePath>
      <ModuleTime>2018-08-14T02:22:02Z</ModuleTime>
      <ModuleName>System.Buffers</ModuleName>
      <Classes />
    </Module>
    <Module skippedDueTo="Filter" hash="2A-22-00-69-69-85-FA-C4-C0-A3-CE-1B-40-9B-D5-78-89-B1-3F-35">
      <ModulePath>C:\Program Files\dotnet\shared\Microsoft.NETCore.App\2.1.4\System.IO.FileSystem.dll</ModulePath>
      <ModuleTime>2018-08-14T02:22:04Z</ModuleTime>
      <ModuleName>System.IO.FileSystem</ModuleName>
      <Classes />
    </Module>
    <Module skippedDueTo="Filter" hash="83-B1-69-D3-08-9D-97-7E-F5-D7-67-50-14-1B-B4-C7-DD-F1-BC-0C">
      <ModulePath>C:\Program Files\dotnet\shared\Microsoft.NETCore.App\2.1.4\System.Memory.dll</ModulePath>
      <ModuleTime>2018-08-14T02:22:04Z</ModuleTime>
      <ModuleName>System.Memory</ModuleName>
      <Classes />
    </Module>
    <Module skippedDueTo="Filter" hash="E3-4C-E2-08-88-26-02-19-7D-F4-60-11-C0-9E-F7-BA-6B-29-42-D0">
      <ModulePath>C:\Program Files\dotnet\shared\Microsoft.NETCore.App\2.1.4\System.Runtime.InteropServices.dll</ModulePath>
      <ModuleTime>2018-08-14T02:22:08Z</ModuleTime>
      <ModuleName>System.Runtime.InteropServices</ModuleName>
      <Classes />
    </Module>
    <Module skippedDueTo="Filter" hash="E0-72-C3-C9-40-8C-19-2C-23-EA-42-9D-AD-BF-17-15-85-86-3D-7D">
      <ModulePath>C:\Program Files\dotnet\shared\Microsoft.NETCore.App\2.1.4\System.Console.dll</ModulePath>
      <ModuleTime>2018-08-14T02:22:02Z</ModuleTime>
      <ModuleName>System.Console</ModuleName>
      <Classes />
    </Module>
    <Module skippedDueTo="Filter" hash="27-1A-7E-73-D4-94-0D-BA-E2-A8-41-69-62-22-03-A5-AA-75-D3-18">
      <ModulePath>C:\Program Files\dotnet\shared\Microsoft.NETCore.App\2.1.4\System.Diagnostics.Process.dll</ModulePath>
      <ModuleTime>2018-08-14T02:22:02Z</ModuleTime>
      <ModuleName>System.Diagnostics.Process</ModuleName>
      <Classes />
    </Module>
    <Module skippedDueTo="Filter" hash="F5-5D-7A-B2-FA-56-6B-68-B5-D0-C2-3E-2E-05-CC-7E-75-90-A0-63">
      <ModulePath>C:\Program Files\dotnet\shared\Microsoft.NETCore.App\2.1.4\System.ComponentModel.Primitives.dll</ModulePath>
      <ModuleTime>2018-08-14T02:22:02Z</ModuleTime>
      <ModuleName>System.ComponentModel.Primitives</ModuleName>
      <Classes />
    </Module>
    <Module skippedDueTo="Filter" hash="BF-5E-7D-2B-94-16-E0-AC-19-5F-FA-64-78-AC-23-93-60-FE-1E-6C">
      <ModulePath>C:\Program Files\dotnet\sdk\2.1.402\Microsoft.Build.Framework.dll</ModulePath>
      <ModuleTime>2018-08-30T19:36:24Z</ModuleTime>
      <ModuleName>Microsoft.Build.Framework</ModuleName>
      <Classes />
    </Module>
    <Module skippedDueTo="Filter" hash="E1-AA-1B-C3-75-B4-55-78-B7-13-55-79-5C-DD-73-C4-0E-61-4E-3B">
      <ModulePath>C:\Program Files\dotnet\shared\Microsoft.NETCore.App\2.1.4\netstandard.dll</ModulePath>
      <ModuleTime>2018-08-14T02:22:08Z</ModuleTime>
      <ModuleName>netstandard</ModuleName>
      <Classes />
    </Module>
    <Module skippedDueTo="Filter" hash="3F-86-01-40-00-25-0A-AB-8B-E8-B1-72-D6-CE-0A-4A-DD-A8-66-55">
      <ModulePath>C:\Program Files\dotnet\sdk\2.1.402\Microsoft.Build.dll</ModulePath>
      <ModuleTime>2018-08-30T19:36:22Z</ModuleTime>
      <ModuleName>Microsoft.Build</ModuleName>
      <Classes />
    </Module>
    <Module skippedDueTo="Filter" hash="6A-F0-2A-6F-22-B3-7D-EA-49-66-95-D8-CE-17-97-FA-C9-FB-0B-45">
      <ModulePath>C:\Program Files\dotnet\sdk\2.1.402\runtimes\win\lib\netcoreapp2.0\System.Text.Encoding.CodePages.dll</ModulePath>
      <ModuleTime>2018-08-30T19:35:16Z</ModuleTime>
      <ModuleName>System.Text.Encoding.CodePages</ModuleName>
      <Classes />
    </Module>
    <Module skippedDueTo="Filter" hash="0E-93-48-E7-BA-9F-E3-6C-49-53-F6-C6-4D-5A-10-7B-C2-CA-AE-35">
      <ModulePath>C:\Program Files\dotnet\shared\Microsoft.NETCore.App\2.1.4\System.Collections.Concurrent.dll</ModulePath>
      <ModuleTime>2018-08-14T02:22:02Z</ModuleTime>
      <ModuleName>System.Collections.Concurrent</ModuleName>
      <Classes />
    </Module>
    <Module skippedDueTo="Filter" hash="9C-DD-99-2D-46-64-AC-52-23-64-29-39-D5-7F-72-5E-21-35-BA-4D">
      <ModulePath>C:\Program Files\dotnet\sdk\2.1.402\dotnet.dll</ModulePath>
      <ModuleTime>2018-08-30T19:35:14Z</ModuleTime>
      <ModuleName>dotnet</ModuleName>
      <Classes />
    </Module>
    <Module skippedDueTo="Filter" hash="ED-3C-BD-47-B2-92-99-A4-F9-E7-FF-7A-EC-BD-12-73-F0-64-D0-F5">
      <ModulePath>C:\Program Files\dotnet\sdk\2.1.402\Microsoft.DotNet.Tools.MigrateCommand.dll</ModulePath>
      <ModuleTime>2018-08-30T19:36:22Z</ModuleTime>
      <ModuleName>Microsoft.DotNet.Tools.MigrateCommand</ModuleName>
      <Classes />
    </Module>
    <Module skippedDueTo="Filter" hash="A7-3E-80-62-7C-2A-E4-E0-32-FE-B9-37-29-C5-91-52-55-9A-DF-26">
      <ModulePath>C:\Program Files\dotnet\sdk\2.1.402\Microsoft.DotNet.Configurer.dll</ModulePath>
      <ModuleTime>2018-08-30T19:36:14Z</ModuleTime>
      <ModuleName>Microsoft.DotNet.Configurer</ModuleName>
      <Classes />
    </Module>
    <Module skippedDueTo="Filter" hash="36-BE-C7-A6-75-55-99-C0-33-75-0C-51-96-D3-75-D0-DC-DE-F7-92">
      <ModulePath>C:\Program Files\dotnet\sdk\2.1.402\Microsoft.DotNet.Cli.Utils.dll</ModulePath>
      <ModuleTime>2018-08-30T19:36:14Z</ModuleTime>
      <ModuleName>Microsoft.DotNet.Cli.Utils</ModuleName>
      <Classes />
    </Module>
    <Module skippedDueTo="Filter" hash="87-FC-44-F8-74-4B-2B-E2-67-C0-9D-A3-DB-7C-C3-AC-42-09-E2-F4">
      <ModulePath>C:\Program Files\dotnet\sdk\2.1.402\NuGet.Frameworks.dll</ModulePath>
      <ModuleTime>2018-08-30T19:38:30Z</ModuleTime>
      <ModuleName>NuGet.Frameworks</ModuleName>
      <Classes />
    </Module>
    <Module skippedDueTo="Filter" hash="F7-38-45-88-AA-74-D1-DF-A2-0D-A1-00-37-C3-77-ED-98-D0-33-0F">
      <ModulePath>C:\Program Files\dotnet\shared\Microsoft.NETCore.App\2.1.4\System.Threading.ThreadPool.dll</ModulePath>
      <ModuleTime>2018-08-14T02:22:08Z</ModuleTime>
      <ModuleName>System.Threading.ThreadPool</ModuleName>
      <Classes />
    </Module>
    <Module skippedDueTo="Filter" hash="22-93-94-E1-DA-C3-F9-ED-3E-E3-05-56-E9-DC-F9-62-18-26-C2-C0">
      <ModulePath>C:\Program Files\dotnet\sdk\2.1.402\Microsoft.DotNet.InternalAbstractions.dll</ModulePath>
      <ModuleTime>2018-08-30T19:36:12Z</ModuleTime>
      <ModuleName>Microsoft.DotNet.InternalAbstractions</ModuleName>
      <Classes />
    </Module>
    <Module skippedDueTo="Filter" hash="A5-26-51-59-8E-75-6F-71-44-5D-7D-06-EF-F4-23-40-22-DF-0A-78">
      <ModulePath>C:\Program Files\dotnet\shared\Microsoft.NETCore.App\2.1.4\System.IO.FileSystem.Primitives.dll</ModulePath>
      <ModuleTime>2018-08-14T02:22:04Z</ModuleTime>
      <ModuleName>System.IO.FileSystem.Primitives</ModuleName>
      <Classes />
    </Module>
    <Module skippedDueTo="Filter" hash="4A-71-08-18-E1-89-15-BC-F6-E4-94-44-93-E7-EA-87-07-75-AA-69">
      <ModulePath>C:\Program Files\dotnet\shared\Microsoft.NETCore.App\2.1.4\System.Text.Encoding.Extensions.dll</ModulePath>
      <ModuleTime>2018-08-14T02:22:08Z</ModuleTime>
      <ModuleName>System.Text.Encoding.Extensions</ModuleName>
      <Classes />
    </Module>
    <Module skippedDueTo="Filter" hash="EA-C7-51-DC-FB-1D-1F-12-7F-DE-F3-05-A3-C3-1C-A7-15-98-38-47">
      <ModulePath>C:\Program Files\dotnet\sdk\2.1.402\Microsoft.ApplicationInsights.dll</ModulePath>
      <ModuleTime>2018-08-30T19:36:24Z</ModuleTime>
      <ModuleName>Microsoft.ApplicationInsights</ModuleName>
      <Classes />
    </Module>
    <Module skippedDueTo="Filter" hash="E7-F5-2E-AA-19-A2-59-A3-F5-08-F8-A0-17-77-85-E6-D5-14-22-A4">
      <ModulePath>C:\Program Files\dotnet\sdk\2.1.402\Microsoft.DotNet.PlatformAbstractions.dll</ModulePath>
      <ModuleTime>2018-08-30T19:36:14Z</ModuleTime>
      <ModuleName>Microsoft.DotNet.PlatformAbstractions</ModuleName>
      <Classes />
    </Module>
    <Module skippedDueTo="Filter" hash="8C-21-EE-03-6A-4E-44-15-5A-32-F5-1A-D3-D5-2E-AB-18-D4-1A-C3">
      <ModulePath>C:\Program Files\dotnet\shared\Microsoft.NETCore.App\2.1.4\System.Reflection.Extensions.dll</ModulePath>
      <ModuleTime>2018-08-14T02:22:06Z</ModuleTime>
      <ModuleName>System.Reflection.Extensions</ModuleName>
      <Classes />
    </Module>
    <Module skippedDueTo="Filter" hash="91-81-5D-61-20-A6-23-12-7B-8F-AE-2A-51-CD-32-E9-37-38-57-8C">
      <ModulePath>C:\Program Files\dotnet\shared\Microsoft.NETCore.App\2.1.4\System.Reflection.dll</ModulePath>
      <ModuleTime>2018-08-14T02:22:06Z</ModuleTime>
      <ModuleName>System.Reflection</ModuleName>
      <Classes />
    </Module>
    <Module skippedDueTo="Filter" hash="43-7D-F3-12-A0-E8-D6-15-73-38-F6-F8-36-B4-B8-1D-85-B7-2F-CD">
      <ModulePath>C:\Program Files\dotnet\shared\Microsoft.NETCore.App\2.1.4\System.Xml.XDocument.dll</ModulePath>
      <ModuleTime>2018-08-14T02:22:08Z</ModuleTime>
      <ModuleName>System.Xml.XDocument</ModuleName>
      <Classes />
    </Module>
    <Module skippedDueTo="Filter" hash="26-C9-3E-E8-3B-53-38-87-FB-5E-19-76-2C-C2-01-B1-FC-F8-CA-73">
      <ModulePath>C:\Program Files\dotnet\shared\Microsoft.NETCore.App\2.1.4\System.Private.Xml.Linq.dll</ModulePath>
      <ModuleTime>2018-08-14T02:22:06Z</ModuleTime>
      <ModuleName>System.Private.Xml.Linq</ModuleName>
      <Classes />
    </Module>
    <Module skippedDueTo="Filter" hash="10-EB-DE-5D-62-68-1F-82-8E-0A-AE-A3-A5-B9-69-7E-94-CB-59-C1">
      <ModulePath>C:\Program Files\dotnet\shared\Microsoft.NETCore.App\2.1.4\System.Private.Xml.dll</ModulePath>
      <ModuleTime>2018-08-14T02:22:06Z</ModuleTime>
      <ModuleName>System.Private.Xml</ModuleName>
      <Classes />
    </Module>
    <Module skippedDueTo="Filter" hash="C5-BB-E6-D5-7B-1E-87-E9-0D-6C-AD-99-BA-85-E5-5A-3C-E9-DC-F6">
      <ModulePath>C:\Program Files\dotnet\shared\Microsoft.NETCore.App\2.1.4\System.Xml.ReaderWriter.dll</ModulePath>
      <ModuleTime>2018-08-14T02:22:08Z</ModuleTime>
      <ModuleName>System.Xml.ReaderWriter</ModuleName>
      <Classes />
    </Module>
    <Module skippedDueTo="Filter" hash="86-B1-BB-74-9E-B8-86-AC-75-A0-AB-A8-7F-1D-AF-8E-60-BA-EE-95">
      <ModulePath>C:\Program Files\dotnet\shared\Microsoft.NETCore.App\2.1.4\System.Diagnostics.Tracing.dll</ModulePath>
      <ModuleTime>2018-08-14T02:22:02Z</ModuleTime>
      <ModuleName>System.Diagnostics.Tracing</ModuleName>
      <Classes />
    </Module>
    <Module skippedDueTo="Filter" hash="36-51-98-6C-7F-AF-15-27-12-4F-0C-A2-11-40-26-56-52-F8-41-60">
      <ModulePath>C:\Program Files\dotnet\shared\Microsoft.NETCore.App\2.1.4\System.Private.Uri.dll</ModulePath>
      <ModuleTime>2018-08-14T02:22:06Z</ModuleTime>
      <ModuleName>System.Private.Uri</ModuleName>
      <Classes />
    </Module>
    <Module skippedDueTo="Filter" hash="F6-8D-85-83-C0-44-D5-D1-A0-CE-05-93-04-4C-1B-EB-46-15-A8-95">
      <ModulePath>C:\Program Files\dotnet\shared\Microsoft.NETCore.App\2.1.4\System.Threading.Tasks.dll</ModulePath>
      <ModuleTime>2018-08-14T02:22:08Z</ModuleTime>
      <ModuleName>System.Threading.Tasks</ModuleName>
      <Classes />
    </Module>
    <Module skippedDueTo="Filter" hash="E4-CB-22-DC-5D-F1-10-CE-18-6A-00-61-0E-80-EF-6A-7F-E1-0F-6C">
      <ModulePath>C:\Program Files\dotnet\shared\Microsoft.NETCore.App\2.1.4\System.Globalization.dll</ModulePath>
      <ModuleTime>2018-08-14T02:22:04Z</ModuleTime>
      <ModuleName>System.Globalization</ModuleName>
      <Classes />
    </Module>
    <Module skippedDueTo="Filter" hash="BC-3E-A5-A0-02-6C-00-A1-C4-B5-27-47-8D-03-9B-A7-38-28-70-8E">
      <ModulePath>C:\Program Files\dotnet\shared\Microsoft.NETCore.App\2.1.4\System.Threading.Tasks.Dataflow.dll</ModulePath>
      <ModuleTime>2018-08-14T02:22:08Z</ModuleTime>
      <ModuleName>System.Threading.Tasks.Dataflow</ModuleName>
      <Classes />
    </Module>
    <Module skippedDueTo="Filter" hash="C7-73-EA-BF-21-79-2B-AA-36-96-FD-F7-9A-D6-4F-B2-D3-18-80-FA">
      <ModulePath>C:\Program Files\dotnet\shared\Microsoft.NETCore.App\2.1.4\System.Security.Cryptography.Algorithms.dll</ModulePath>
      <ModuleTime>2018-08-14T02:22:08Z</ModuleTime>
      <ModuleName>System.Security.Cryptography.Algorithms</ModuleName>
      <Classes />
    </Module>
    <Module skippedDueTo="Filter" hash="94-FE-92-D4-F8-BA-A4-F0-EF-67-2E-A1-24-87-4F-7F-96-BF-76-BB">
      <ModulePath>C:\Program Files\dotnet\shared\Microsoft.NETCore.App\2.1.4\System.Security.Cryptography.Primitives.dll</ModulePath>
      <ModuleTime>2018-08-14T02:22:08Z</ModuleTime>
      <ModuleName>System.Security.Cryptography.Primitives</ModuleName>
      <Classes />
    </Module>
    <Module skippedDueTo="Filter" hash="9F-9C-54-18-49-2F-E1-CE-76-92-D5-F6-43-77-10-E6-90-6A-EA-5B">
      <ModulePath>C:\Program Files\dotnet\shared\Microsoft.NETCore.App\2.1.4\Microsoft.Win32.Registry.dll</ModulePath>
      <ModuleTime>2018-08-14T02:22:00Z</ModuleTime>
      <ModuleName>Microsoft.Win32.Registry</ModuleName>
      <Classes />
    </Module>
    <Module skippedDueTo="Filter" hash="7F-FB-81-39-FC-B7-D6-B0-6E-E7-F1-D1-B8-35-3B-0B-C1-31-4B-F1">
      <ModulePath>C:\Program Files\dotnet\shared\Microsoft.NETCore.App\2.1.4\System.Resources.ResourceManager.dll</ModulePath>
      <ModuleTime>2018-08-14T02:22:06Z</ModuleTime>
      <ModuleName>System.Resources.ResourceManager</ModuleName>
      <Classes />
    </Module>
    <Module skippedDueTo="Filter" hash="D2-5C-46-E3-4E-6B-DA-45-95-CA-B2-9A-57-0E-44-D0-C6-11-6D-B4">
      <ModulePath>C:\Program Files\dotnet\shared\Microsoft.NETCore.App\2.1.4\System.ObjectModel.dll</ModulePath>
      <ModuleTime>2018-08-14T02:22:06Z</ModuleTime>
      <ModuleName>System.ObjectModel</ModuleName>
      <Classes />
    </Module>
    <Module skippedDueTo="Filter" hash="CD-3B-6E-3D-E5-27-AC-18-69-26-B3-DC-3B-0C-98-65-B8-E0-30-2E">
      <ModulePath>C:\Program Files\dotnet\shared\Microsoft.NETCore.App\2.1.4\System.Threading.Thread.dll</ModulePath>
      <ModuleTime>2018-08-14T02:22:08Z</ModuleTime>
      <ModuleName>System.Threading.Thread</ModuleName>
      <Classes />
    </Module>
    <Module skippedDueTo="Filter" hash="BD-87-6C-31-0C-02-C6-7B-C7-00-1D-FB-21-2F-57-AF-0F-67-20-91">
      <ModulePath>C:\Program Files\dotnet\shared\Microsoft.NETCore.App\2.1.4\System.Reflection.Emit.ILGeneration.dll</ModulePath>
      <ModuleTime>2018-08-14T02:22:06Z</ModuleTime>
      <ModuleName>System.Reflection.Emit.ILGeneration</ModuleName>
      <Classes />
    </Module>
    <Module skippedDueTo="Filter" hash="57-50-2D-73-83-71-94-8E-5C-88-4E-7A-B8-1D-07-A4-4B-B4-A4-8D">
      <ModulePath>C:\Program Files\dotnet\shared\Microsoft.NETCore.App\2.1.4\System.Reflection.Emit.Lightweight.dll</ModulePath>
      <ModuleTime>2018-08-14T02:22:06Z</ModuleTime>
      <ModuleName>System.Reflection.Emit.Lightweight</ModuleName>
      <Classes />
    </Module>
    <Module skippedDueTo="Filter" hash="A0-01-F8-53-B1-DA-96-B8-57-12-70-6C-CB-A3-EB-5E-62-EE-68-B4">
      <ModulePath>C:\Program Files\dotnet\shared\Microsoft.NETCore.App\2.1.4\System.Reflection.Primitives.dll</ModulePath>
      <ModuleTime>2018-08-14T02:22:06Z</ModuleTime>
      <ModuleName>System.Reflection.Primitives</ModuleName>
      <Classes />
    </Module>
    <Module skippedDueTo="Filter" hash="F7-9C-57-B4-85-BF-F7-95-B3-96-0E-05-E0-C5-E8-29-F9-F2-89-47">
      <ModulePath>C:\Program Files\dotnet\shared\Microsoft.NETCore.App\2.1.4\System.Diagnostics.TraceSource.dll</ModulePath>
      <ModuleTime>2018-08-14T02:22:02Z</ModuleTime>
      <ModuleName>System.Diagnostics.TraceSource</ModuleName>
      <Classes />
    </Module>
    <Module skippedDueTo="Filter" hash="35-F0-EB-3D-D1-2D-4A-75-BA-D8-C1-1E-EC-8C-72-76-9A-47-AC-64">
      <ModulePath>C:\Program Files\dotnet\shared\Microsoft.NETCore.App\2.1.4\System.Collections.Immutable.dll</ModulePath>
      <ModuleTime>2018-08-14T02:22:02Z</ModuleTime>
      <ModuleName>System.Collections.Immutable</ModuleName>
      <Classes />
    </Module>
    <Module skippedDueTo="Filter" hash="8B-B4-1B-00-B8-A3-F3-7A-FB-46-FF-85-EC-C8-DE-3A-06-02-59-8D">
      <ModulePath>C:\Program Files\dotnet\shared\Microsoft.NETCore.App\2.1.4\System.Threading.Tasks.Parallel.dll</ModulePath>
      <ModuleTime>2018-08-14T02:22:08Z</ModuleTime>
      <ModuleName>System.Threading.Tasks.Parallel</ModuleName>
      <Classes />
    </Module>
    <Module skippedDueTo="Filter" hash="AF-E5-B0-A0-BA-1D-AE-C9-FD-CD-67-61-13-67-35-83-6D-84-46-4A">
      <ModulePath>C:\Program Files\dotnet\sdk\2.1.402\Microsoft.Build.Tasks.Core.dll</ModulePath>
      <ModuleTime>2018-08-30T19:36:14Z</ModuleTime>
      <ModuleName>Microsoft.Build.Tasks.Core</ModuleName>
      <Classes />
    </Module>
    <Module skippedDueTo="Filter" hash="82-BD-39-D4-85-1E-79-FA-B9-CB-8F-DE-F3-FB-84-48-A8-87-96-DD">
      <ModulePath>C:\Program Files\dotnet\sdk\2.1.402\Microsoft.Build.Utilities.Core.dll</ModulePath>
      <ModuleTime>2018-08-30T19:36:12Z</ModuleTime>
      <ModuleName>Microsoft.Build.Utilities.Core</ModuleName>
      <Classes />
    </Module>
    <Module skippedDueTo="Filter" hash="30-F2-60-86-CA-F2-BF-4D-71-A8-50-62-EB-51-ED-4C-FB-DA-90-A5">
      <ModulePath>C:\Program Files\dotnet\sdk\2.1.402\NuGet.Build.Tasks.dll</ModulePath>
      <ModuleTime>2018-08-30T19:38:34Z</ModuleTime>
      <ModuleName>NuGet.Build.Tasks</ModuleName>
      <Classes />
    </Module>
    <Module skippedDueTo="Filter" hash="CF-1E-41-BB-77-11-6B-E9-C3-5D-02-D5-4F-5A-92-D2-9D-70-BE-79">
      <ModulePath>C:\Program Files\dotnet\sdk\2.1.402\NuGet.Commands.dll</ModulePath>
      <ModuleTime>2018-08-30T19:38:22Z</ModuleTime>
      <ModuleName>NuGet.Commands</ModuleName>
      <Classes />
    </Module>
    <Module skippedDueTo="Filter" hash="73-82-31-76-76-29-4D-57-02-50-4F-79-14-70-BE-98-94-A2-CA-4A">
      <ModulePath>C:\Program Files\dotnet\sdk\2.1.402\NuGet.Common.dll</ModulePath>
      <ModuleTime>2018-08-30T19:38:28Z</ModuleTime>
      <ModuleName>NuGet.Common</ModuleName>
      <Classes />
    </Module>
    <Module skippedDueTo="Filter" hash="DB-18-B8-60-92-CF-EB-77-D9-93-D4-20-1D-8B-6A-64-1F-FA-65-A0">
      <ModulePath>C:\Program Files\dotnet\shared\Microsoft.NETCore.App\2.1.4\System.Collections.NonGeneric.dll</ModulePath>
      <ModuleTime>2018-08-14T02:22:02Z</ModuleTime>
      <ModuleName>System.Collections.NonGeneric</ModuleName>
      <Classes />
    </Module>
    <Module skippedDueTo="Filter" hash="F9-97-65-2B-9C-62-35-4F-83-37-8B-6F-2F-35-7C-36-07-CC-98-CD">
      <ModulePath>C:\Program Files\dotnet\shared\Microsoft.NETCore.App\2.1.4\Microsoft.Win32.Primitives.dll</ModulePath>
      <ModuleTime>2018-08-14T02:22:00Z</ModuleTime>
      <ModuleName>Microsoft.Win32.Primitives</ModuleName>
      <Classes />
    </Module>
    <Module skippedDueTo="Filter" hash="F7-38-45-88-AA-74-D1-DF-A2-0D-A1-00-37-C3-77-ED-98-D0-33-0F">
      <ModulePath>C:\Program Files\dotnet\shared\Microsoft.NETCore.App\2.1.4\System.Threading.ThreadPool.dll</ModulePath>
      <ModuleTime>2018-08-14T02:22:08Z</ModuleTime>
      <ModuleName>System.Threading.ThreadPool</ModuleName>
      <Classes />
    </Module>
    <Module skippedDueTo="Filter" hash="E7-80-30-F5-71-B3-8E-6B-D5-65-55-44-F1-0B-6B-05-B4-06-24-3F">
      <ModulePath>C:\Program Files\dotnet\shared\Microsoft.NETCore.App\2.1.4\System.ComponentModel.dll</ModulePath>
      <ModuleTime>2018-08-14T02:22:02Z</ModuleTime>
      <ModuleName>System.ComponentModel</ModuleName>
      <Classes />
    </Module>
    <Module skippedDueTo="Filter" hash="75-B4-83-D2-92-49-07-A8-9C-57-B6-2D-48-E9-86-EA-5F-85-17-6D">
      <ModulePath>C:\Program Files\dotnet\shared\Microsoft.NETCore.App\2.1.4\System.Runtime.Serialization.Xml.dll</ModulePath>
      <ModuleTime>2018-08-14T02:22:08Z</ModuleTime>
      <ModuleName>System.Runtime.Serialization.Xml</ModuleName>
      <Classes />
    </Module>
    <Module skippedDueTo="Filter" hash="1A-63-5B-05-10-59-80-A5-75-B8-15-C9-EC-4F-4E-22-D7-64-29-B3">
      <ModulePath>C:\Program Files\dotnet\shared\Microsoft.NETCore.App\2.1.4\System.IO.Pipes.dll</ModulePath>
      <ModuleTime>2018-08-14T02:22:04Z</ModuleTime>
      <ModuleName>System.IO.Pipes</ModuleName>
      <Classes />
    </Module>
    <Module skippedDueTo="Filter" hash="AF-53-C2-E4-62-19-47-01-2A-BB-36-2D-A6-80-F9-96-35-96-0E-60">
      <ModulePath>C:\Program Files\dotnet\shared\Microsoft.NETCore.App\2.1.4\System.Private.DataContractSerialization.dll</ModulePath>
      <ModuleTime>2018-08-14T02:22:06Z</ModuleTime>
      <ModuleName>System.Private.DataContractSerialization</ModuleName>
      <Classes />
    </Module>
    <Module skippedDueTo="Filter" hash="B3-41-C4-98-43-FD-7A-13-6D-74-81-92-71-6B-17-92-9D-AD-89-1E">
      <ModulePath>C:\Program Files\dotnet\shared\Microsoft.NETCore.App\2.1.4\System.Security.Principal.dll</ModulePath>
      <ModuleTime>2018-08-14T02:22:08Z</ModuleTime>
      <ModuleName>System.Security.Principal</ModuleName>
      <Classes />
    </Module>
    <Module skippedDueTo="Filter" hash="46-A9-DF-FD-97-2D-7D-C0-AB-F5-15-0E-0A-1E-92-6A-C7-07-37-94">
      <ModulePath>C:\Program Files\dotnet\shared\Microsoft.NETCore.App\2.1.4\System.Runtime.Serialization.Primitives.dll</ModulePath>
      <ModuleTime>2018-08-14T02:22:08Z</ModuleTime>
      <ModuleName>System.Runtime.Serialization.Primitives</ModuleName>
      <Classes />
    </Module>
    <Module skippedDueTo="Filter" hash="3B-88-A6-5A-28-1C-55-EF-1B-FF-75-08-13-5E-79-97-0D-BB-C3-B9">
      <ModulePath>C:\Program Files\dotnet\shared\Microsoft.NETCore.App\2.1.4\System.Runtime.Serialization.Formatters.dll</ModulePath>
      <ModuleTime>2018-08-14T02:22:08Z</ModuleTime>
      <ModuleName>System.Runtime.Serialization.Formatters</ModuleName>
      <Classes />
    </Module>
    <Module skippedDueTo="Filter" hash="FD-CB-C5-BF-CC-05-21-89-A0-5D-A7-0D-12-6D-11-1A-44-68-78-89">
      <ModulePath>C:\Program Files\dotnet\shared\Microsoft.NETCore.App\2.1.4\System.Runtime.Loader.dll</ModulePath>
      <ModuleTime>2018-08-14T02:22:08Z</ModuleTime>
      <ModuleName>System.Runtime.Loader</ModuleName>
      <Classes />
    </Module>
    <Module skippedDueTo="Filter" hash="D4-34-74-8B-3C-09-52-8F-27-5B-12-46-DF-D9-D3-B6-9E-A2-97-D5">
      <ModulePath>C:\Program Files\dotnet\sdk\2.1.402\Microsoft.Build.NuGetSdkResolver.dll</ModulePath>
      <ModuleTime>2018-08-30T19:35:44Z</ModuleTime>
      <ModuleName>Microsoft.Build.NuGetSdkResolver</ModuleName>
      <Classes />
    </Module>
    <Module skippedDueTo="Filter" hash="66-01-AE-1E-C4-50-F9-CA-99-70-77-B4-03-79-F3-D0-94-95-86-7E">
      <ModulePath>C:\Program Files\dotnet\shared\Microsoft.NETCore.App\2.1.4\System.Diagnostics.FileVersionInfo.dll</ModulePath>
      <ModuleTime>2018-08-14T02:22:02Z</ModuleTime>
      <ModuleName>System.Diagnostics.FileVersionInfo</ModuleName>
      <Classes />
    </Module>
    <Module skippedDueTo="Filter" hash="13-B4-7C-EF-85-9A-B9-BA-EE-A3-31-4D-1B-0D-54-8B-00-72-9B-CD">
      <ModulePath>C:\Program Files\dotnet\shared\Microsoft.NETCore.App\2.1.4\System.Private.CoreLib.dll</ModulePath>
      <ModuleTime>2018-08-14T02:22:08Z</ModuleTime>
      <ModuleName>System.Private.CoreLib</ModuleName>
      <Classes />
    </Module>
    <Module skippedDueTo="Filter" hash="19-2C-71-56-F7-B3-94-C8-2A-43-D4-A3-8B-11-BE-87-38-D8-F8-5C">
      <ModulePath>C:\Program Files\dotnet\sdk\2.1.402\MSBuild.dll</ModulePath>
      <ModuleTime>2018-08-30T19:39:06Z</ModuleTime>
      <ModuleName>MSBuild</ModuleName>
      <Classes />
    </Module>
    <Module skippedDueTo="Filter" hash="E8-F7-67-C1-A6-5E-71-22-90-79-D8-36-E5-55-24-52-CE-D2-F5-9D">
      <ModulePath>C:\Program Files\dotnet\shared\Microsoft.NETCore.App\2.1.4\System.Runtime.dll</ModulePath>
      <ModuleTime>2018-08-14T02:22:08Z</ModuleTime>
      <ModuleName>System.Runtime</ModuleName>
      <Classes />
    </Module>
    <Module skippedDueTo="Filter" hash="4F-3B-C4-27-2B-4F-09-B2-12-5C-42-2C-A0-4D-48-22-7E-5F-C0-20">
      <ModulePath>C:\Program Files\dotnet\shared\Microsoft.NETCore.App\2.1.4\System.Runtime.Extensions.dll</ModulePath>
      <ModuleTime>2018-08-14T02:22:06Z</ModuleTime>
      <ModuleName>System.Runtime.Extensions</ModuleName>
      <Classes />
    </Module>
    <Module skippedDueTo="Filter" hash="CD-24-AD-3E-27-6B-E0-B2-4B-4D-A8-58-5F-4C-53-FA-BD-2C-FD-69">
      <ModulePath>C:\Program Files\dotnet\shared\Microsoft.NETCore.App\2.1.4\System.Threading.dll</ModulePath>
      <ModuleTime>2018-08-14T02:22:08Z</ModuleTime>
      <ModuleName>System.Threading</ModuleName>
      <Classes />
    </Module>
    <Module skippedDueTo="Filter" hash="D5-AA-D5-C7-0C-0A-C7-1F-15-5C-7F-E5-75-20-F4-62-1A-5C-9B-A3">
      <ModulePath>C:\Program Files\dotnet\shared\Microsoft.NETCore.App\2.1.4\System.Runtime.InteropServices.RuntimeInformation.dll</ModulePath>
      <ModuleTime>2018-08-14T02:22:06Z</ModuleTime>
      <ModuleName>System.Runtime.InteropServices.RuntimeInformation</ModuleName>
      <Classes />
    </Module>
    <Module skippedDueTo="Filter" hash="06-F7-72-EE-F5-31-8E-E0-77-F6-46-5F-98-A6-83-C4-29-04-EF-D7">
      <ModulePath>C:\Program Files\dotnet\shared\Microsoft.NETCore.App\2.1.4\System.Linq.dll</ModulePath>
      <ModuleTime>2018-08-14T02:22:04Z</ModuleTime>
      <ModuleName>System.Linq</ModuleName>
      <Classes />
    </Module>
    <Module skippedDueTo="Filter" hash="B6-25-6A-1C-E4-57-B8-82-39-55-AB-F6-DC-DC-F1-23-24-26-E9-36">
      <ModulePath>C:\Program Files\dotnet\shared\Microsoft.NETCore.App\2.1.4\System.Text.RegularExpressions.dll</ModulePath>
      <ModuleTime>2018-08-14T02:22:08Z</ModuleTime>
      <ModuleName>System.Text.RegularExpressions</ModuleName>
      <Classes />
    </Module>
    <Module skippedDueTo="Filter" hash="6B-9C-F2-3D-A4-7B-34-F0-CD-57-9D-4D-66-5D-CC-66-FD-A5-C1-12">
      <ModulePath>C:\Program Files\dotnet\shared\Microsoft.NETCore.App\2.1.4\System.Collections.dll</ModulePath>
      <ModuleTime>2018-08-14T02:22:02Z</ModuleTime>
      <ModuleName>System.Collections</ModuleName>
      <Classes />
    </Module>
    <Module skippedDueTo="Filter" hash="01-54-B2-E6-93-C2-AB-CA-4B-1A-64-76-0D-D7-77-BB-FC-48-8B-5B">
      <ModulePath>C:\Program Files\dotnet\shared\Microsoft.NETCore.App\2.1.4\System.Buffers.dll</ModulePath>
      <ModuleTime>2018-08-14T02:22:02Z</ModuleTime>
      <ModuleName>System.Buffers</ModuleName>
      <Classes />
    </Module>
    <Module skippedDueTo="Filter" hash="2A-22-00-69-69-85-FA-C4-C0-A3-CE-1B-40-9B-D5-78-89-B1-3F-35">
      <ModulePath>C:\Program Files\dotnet\shared\Microsoft.NETCore.App\2.1.4\System.IO.FileSystem.dll</ModulePath>
      <ModuleTime>2018-08-14T02:22:04Z</ModuleTime>
      <ModuleName>System.IO.FileSystem</ModuleName>
      <Classes />
    </Module>
    <Module skippedDueTo="Filter" hash="83-B1-69-D3-08-9D-97-7E-F5-D7-67-50-14-1B-B4-C7-DD-F1-BC-0C">
      <ModulePath>C:\Program Files\dotnet\shared\Microsoft.NETCore.App\2.1.4\System.Memory.dll</ModulePath>
      <ModuleTime>2018-08-14T02:22:04Z</ModuleTime>
      <ModuleName>System.Memory</ModuleName>
      <Classes />
    </Module>
    <Module skippedDueTo="Filter" hash="E3-4C-E2-08-88-26-02-19-7D-F4-60-11-C0-9E-F7-BA-6B-29-42-D0">
      <ModulePath>C:\Program Files\dotnet\shared\Microsoft.NETCore.App\2.1.4\System.Runtime.InteropServices.dll</ModulePath>
      <ModuleTime>2018-08-14T02:22:08Z</ModuleTime>
      <ModuleName>System.Runtime.InteropServices</ModuleName>
      <Classes />
    </Module>
    <Module skippedDueTo="Filter" hash="E0-72-C3-C9-40-8C-19-2C-23-EA-42-9D-AD-BF-17-15-85-86-3D-7D">
      <ModulePath>C:\Program Files\dotnet\shared\Microsoft.NETCore.App\2.1.4\System.Console.dll</ModulePath>
      <ModuleTime>2018-08-14T02:22:02Z</ModuleTime>
      <ModuleName>System.Console</ModuleName>
      <Classes />
    </Module>
    <Module skippedDueTo="Filter" hash="27-1A-7E-73-D4-94-0D-BA-E2-A8-41-69-62-22-03-A5-AA-75-D3-18">
      <ModulePath>C:\Program Files\dotnet\shared\Microsoft.NETCore.App\2.1.4\System.Diagnostics.Process.dll</ModulePath>
      <ModuleTime>2018-08-14T02:22:02Z</ModuleTime>
      <ModuleName>System.Diagnostics.Process</ModuleName>
      <Classes />
    </Module>
    <Module skippedDueTo="Filter" hash="F5-5D-7A-B2-FA-56-6B-68-B5-D0-C2-3E-2E-05-CC-7E-75-90-A0-63">
      <ModulePath>C:\Program Files\dotnet\shared\Microsoft.NETCore.App\2.1.4\System.ComponentModel.Primitives.dll</ModulePath>
      <ModuleTime>2018-08-14T02:22:02Z</ModuleTime>
      <ModuleName>System.ComponentModel.Primitives</ModuleName>
      <Classes />
    </Module>
    <Module skippedDueTo="Filter" hash="BF-5E-7D-2B-94-16-E0-AC-19-5F-FA-64-78-AC-23-93-60-FE-1E-6C">
      <ModulePath>C:\Program Files\dotnet\sdk\2.1.402\Microsoft.Build.Framework.dll</ModulePath>
      <ModuleTime>2018-08-30T19:36:24Z</ModuleTime>
      <ModuleName>Microsoft.Build.Framework</ModuleName>
      <Classes />
    </Module>
    <Module skippedDueTo="Filter" hash="E1-AA-1B-C3-75-B4-55-78-B7-13-55-79-5C-DD-73-C4-0E-61-4E-3B">
      <ModulePath>C:\Program Files\dotnet\shared\Microsoft.NETCore.App\2.1.4\netstandard.dll</ModulePath>
      <ModuleTime>2018-08-14T02:22:08Z</ModuleTime>
      <ModuleName>netstandard</ModuleName>
      <Classes />
    </Module>
    <Module skippedDueTo="Filter" hash="3F-86-01-40-00-25-0A-AB-8B-E8-B1-72-D6-CE-0A-4A-DD-A8-66-55">
      <ModulePath>C:\Program Files\dotnet\sdk\2.1.402\Microsoft.Build.dll</ModulePath>
      <ModuleTime>2018-08-30T19:36:22Z</ModuleTime>
      <ModuleName>Microsoft.Build</ModuleName>
      <Classes />
    </Module>
    <Module skippedDueTo="Filter" hash="6A-F0-2A-6F-22-B3-7D-EA-49-66-95-D8-CE-17-97-FA-C9-FB-0B-45">
      <ModulePath>C:\Program Files\dotnet\sdk\2.1.402\runtimes\win\lib\netcoreapp2.0\System.Text.Encoding.CodePages.dll</ModulePath>
      <ModuleTime>2018-08-30T19:35:16Z</ModuleTime>
      <ModuleName>System.Text.Encoding.CodePages</ModuleName>
      <Classes />
    </Module>
    <Module skippedDueTo="Filter" hash="0E-93-48-E7-BA-9F-E3-6C-49-53-F6-C6-4D-5A-10-7B-C2-CA-AE-35">
      <ModulePath>C:\Program Files\dotnet\shared\Microsoft.NETCore.App\2.1.4\System.Collections.Concurrent.dll</ModulePath>
      <ModuleTime>2018-08-14T02:22:02Z</ModuleTime>
      <ModuleName>System.Collections.Concurrent</ModuleName>
      <Classes />
    </Module>
    <Module skippedDueTo="Filter" hash="1A-63-5B-05-10-59-80-A5-75-B8-15-C9-EC-4F-4E-22-D7-64-29-B3">
      <ModulePath>C:\Program Files\dotnet\shared\Microsoft.NETCore.App\2.1.4\System.IO.Pipes.dll</ModulePath>
      <ModuleTime>2018-08-14T02:22:04Z</ModuleTime>
      <ModuleName>System.IO.Pipes</ModuleName>
      <Classes />
    </Module>
    <Module skippedDueTo="Filter" hash="4A-71-08-18-E1-89-15-BC-F6-E4-94-44-93-E7-EA-87-07-75-AA-69">
      <ModulePath>C:\Program Files\dotnet\shared\Microsoft.NETCore.App\2.1.4\System.Text.Encoding.Extensions.dll</ModulePath>
      <ModuleTime>2018-08-14T02:22:08Z</ModuleTime>
      <ModuleName>System.Text.Encoding.Extensions</ModuleName>
      <Classes />
    </Module>
    <Module skippedDueTo="Filter" hash="6B-EF-6F-BC-23-09-45-D3-76-E4-7B-8B-DB-0B-C0-05-AE-A9-73-01">
      <ModulePath>C:\Program Files\dotnet\shared\Microsoft.NETCore.App\2.1.4\System.Security.AccessControl.dll</ModulePath>
      <ModuleTime>2018-08-14T02:22:08Z</ModuleTime>
      <ModuleName>System.Security.AccessControl</ModuleName>
      <Classes />
    </Module>
    <Module skippedDueTo="Filter" hash="A8-1F-61-36-72-23-53-F7-9C-20-05-AD-20-C7-16-67-4E-30-0F-3A">
      <ModulePath>C:\Program Files\dotnet\shared\Microsoft.NETCore.App\2.1.4\System.Security.Principal.Windows.dll</ModulePath>
      <ModuleTime>2018-08-14T02:22:08Z</ModuleTime>
      <ModuleName>System.Security.Principal.Windows</ModuleName>
      <Classes />
    </Module>
    <Module skippedDueTo="Filter" hash="3E-1E-E7-1D-E0-F9-62-38-7D-D2-4F-BB-61-44-9D-7B-2A-A4-39-49">
      <ModulePath>C:\Program Files\dotnet\shared\Microsoft.NETCore.App\2.1.4\System.Security.Claims.dll</ModulePath>
      <ModuleTime>2018-08-14T02:22:08Z</ModuleTime>
      <ModuleName>System.Security.Claims</ModuleName>
      <Classes />
    </Module>
    <Module skippedDueTo="Filter" hash="B3-41-C4-98-43-FD-7A-13-6D-74-81-92-71-6B-17-92-9D-AD-89-1E">
      <ModulePath>C:\Program Files\dotnet\shared\Microsoft.NETCore.App\2.1.4\System.Security.Principal.dll</ModulePath>
      <ModuleTime>2018-08-14T02:22:08Z</ModuleTime>
      <ModuleName>System.Security.Principal</ModuleName>
      <Classes />
    </Module>
    <Module skippedDueTo="Filter" hash="8B-88-81-6E-31-08-35-2B-54-5D-08-93-06-68-4E-6B-A8-57-55-E3">
      <ModulePath>C:\Program Files\dotnet\shared\Microsoft.NETCore.App\2.1.4\System.Threading.Overlapped.dll</ModulePath>
      <ModuleTime>2018-08-14T02:22:08Z</ModuleTime>
      <ModuleName>System.Threading.Overlapped</ModuleName>
      <Classes />
    </Module>
    <Module skippedDueTo="Filter" hash="8B-88-81-6E-31-08-35-2B-54-5D-08-93-06-68-4E-6B-A8-57-55-E3">
      <ModulePath>C:\Program Files\dotnet\shared\Microsoft.NETCore.App\2.1.4\System.Threading.Overlapped.dll</ModulePath>
      <ModuleTime>2018-08-14T02:22:08Z</ModuleTime>
      <ModuleName>System.Threading.Overlapped</ModuleName>
      <Classes />
    </Module>
    <Module skippedDueTo="Filter" hash="CD-3B-6E-3D-E5-27-AC-18-69-26-B3-DC-3B-0C-98-65-B8-E0-30-2E">
      <ModulePath>C:\Program Files\dotnet\shared\Microsoft.NETCore.App\2.1.4\System.Threading.Thread.dll</ModulePath>
      <ModuleTime>2018-08-14T02:22:08Z</ModuleTime>
      <ModuleName>System.Threading.Thread</ModuleName>
      <Classes />
    </Module>
    <Module skippedDueTo="Filter" hash="6B-EF-6F-BC-23-09-45-D3-76-E4-7B-8B-DB-0B-C0-05-AE-A9-73-01">
      <ModulePath>C:\Program Files\dotnet\shared\Microsoft.NETCore.App\2.1.4\System.Security.AccessControl.dll</ModulePath>
      <ModuleTime>2018-08-14T02:22:08Z</ModuleTime>
      <ModuleName>System.Security.AccessControl</ModuleName>
      <Classes />
    </Module>
    <Module skippedDueTo="Filter" hash="A8-1F-61-36-72-23-53-F7-9C-20-05-AD-20-C7-16-67-4E-30-0F-3A">
      <ModulePath>C:\Program Files\dotnet\shared\Microsoft.NETCore.App\2.1.4\System.Security.Principal.Windows.dll</ModulePath>
      <ModuleTime>2018-08-14T02:22:08Z</ModuleTime>
      <ModuleName>System.Security.Principal.Windows</ModuleName>
      <Classes />
    </Module>
    <Module skippedDueTo="Filter" hash="3E-1E-E7-1D-E0-F9-62-38-7D-D2-4F-BB-61-44-9D-7B-2A-A4-39-49">
      <ModulePath>C:\Program Files\dotnet\shared\Microsoft.NETCore.App\2.1.4\System.Security.Claims.dll</ModulePath>
      <ModuleTime>2018-08-14T02:22:08Z</ModuleTime>
      <ModuleName>System.Security.Claims</ModuleName>
      <Classes />
    </Module>
    <Module skippedDueTo="Filter" hash="F6-8D-85-83-C0-44-D5-D1-A0-CE-05-93-04-4C-1B-EB-46-15-A8-95">
      <ModulePath>C:\Program Files\dotnet\shared\Microsoft.NETCore.App\2.1.4\System.Threading.Tasks.dll</ModulePath>
      <ModuleTime>2018-08-14T02:22:08Z</ModuleTime>
      <ModuleName>System.Threading.Tasks</ModuleName>
      <Classes />
    </Module>
    <Module skippedDueTo="Filter" hash="D2-5C-46-E3-4E-6B-DA-45-95-CA-B2-9A-57-0E-44-D0-C6-11-6D-B4">
      <ModulePath>C:\Program Files\dotnet\shared\Microsoft.NETCore.App\2.1.4\System.ObjectModel.dll</ModulePath>
      <ModuleTime>2018-08-14T02:22:06Z</ModuleTime>
      <ModuleName>System.ObjectModel</ModuleName>
      <Classes />
    </Module>
    <Module skippedDueTo="Filter" hash="BC-3E-A5-A0-02-6C-00-A1-C4-B5-27-47-8D-03-9B-A7-38-28-70-8E">
      <ModulePath>C:\Program Files\dotnet\shared\Microsoft.NETCore.App\2.1.4\System.Threading.Tasks.Dataflow.dll</ModulePath>
      <ModuleTime>2018-08-14T02:22:08Z</ModuleTime>
      <ModuleName>System.Threading.Tasks.Dataflow</ModuleName>
      <Classes />
    </Module>
    <Module skippedDueTo="Filter" hash="86-B1-BB-74-9E-B8-86-AC-75-A0-AB-A8-7F-1D-AF-8E-60-BA-EE-95">
      <ModulePath>C:\Program Files\dotnet\shared\Microsoft.NETCore.App\2.1.4\System.Diagnostics.Tracing.dll</ModulePath>
      <ModuleTime>2018-08-14T02:22:02Z</ModuleTime>
      <ModuleName>System.Diagnostics.Tracing</ModuleName>
      <Classes />
    </Module>
    <Module skippedDueTo="Filter" hash="13-B4-7C-EF-85-9A-B9-BA-EE-A3-31-4D-1B-0D-54-8B-00-72-9B-CD">
      <ModulePath>C:\Program Files\dotnet\shared\Microsoft.NETCore.App\2.1.4\System.Private.CoreLib.dll</ModulePath>
      <ModuleTime>2018-08-14T02:22:08Z</ModuleTime>
      <ModuleName>System.Private.CoreLib</ModuleName>
      <Classes />
    </Module>
    <Module skippedDueTo="Filter" hash="9C-DD-99-2D-46-64-AC-52-23-64-29-39-D5-7F-72-5E-21-35-BA-4D">
      <ModulePath>C:\Program Files\dotnet\sdk\2.1.402\dotnet.dll</ModulePath>
      <ModuleTime>2018-08-30T19:35:14Z</ModuleTime>
      <ModuleName>dotnet</ModuleName>
      <Classes />
    </Module>
    <Module skippedDueTo="Filter" hash="ED-3C-BD-47-B2-92-99-A4-F9-E7-FF-7A-EC-BD-12-73-F0-64-D0-F5">
      <ModulePath>C:\Program Files\dotnet\sdk\2.1.402\Microsoft.DotNet.Tools.MigrateCommand.dll</ModulePath>
      <ModuleTime>2018-08-30T19:36:22Z</ModuleTime>
      <ModuleName>Microsoft.DotNet.Tools.MigrateCommand</ModuleName>
      <Classes />
    </Module>
    <Module skippedDueTo="Filter" hash="A7-3E-80-62-7C-2A-E4-E0-32-FE-B9-37-29-C5-91-52-55-9A-DF-26">
      <ModulePath>C:\Program Files\dotnet\sdk\2.1.402\Microsoft.DotNet.Configurer.dll</ModulePath>
      <ModuleTime>2018-08-30T19:36:14Z</ModuleTime>
      <ModuleName>Microsoft.DotNet.Configurer</ModuleName>
      <Classes />
    </Module>
    <Module skippedDueTo="Filter" hash="36-BE-C7-A6-75-55-99-C0-33-75-0C-51-96-D3-75-D0-DC-DE-F7-92">
      <ModulePath>C:\Program Files\dotnet\sdk\2.1.402\Microsoft.DotNet.Cli.Utils.dll</ModulePath>
      <ModuleTime>2018-08-30T19:36:14Z</ModuleTime>
      <ModuleName>Microsoft.DotNet.Cli.Utils</ModuleName>
      <Classes />
    </Module>
    <Module skippedDueTo="Filter" hash="87-FC-44-F8-74-4B-2B-E2-67-C0-9D-A3-DB-7C-C3-AC-42-09-E2-F4">
      <ModulePath>C:\Program Files\dotnet\sdk\2.1.402\NuGet.Frameworks.dll</ModulePath>
      <ModuleTime>2018-08-30T19:38:30Z</ModuleTime>
      <ModuleName>NuGet.Frameworks</ModuleName>
      <Classes />
    </Module>
    <Module skippedDueTo="Filter" hash="7F-FB-81-39-FC-B7-D6-B0-6E-E7-F1-D1-B8-35-3B-0B-C1-31-4B-F1">
      <ModulePath>C:\Program Files\dotnet\shared\Microsoft.NETCore.App\2.1.4\System.Resources.ResourceManager.dll</ModulePath>
      <ModuleTime>2018-08-14T02:22:06Z</ModuleTime>
      <ModuleName>System.Resources.ResourceManager</ModuleName>
      <Classes />
    </Module>
    <Module skippedDueTo="Filter" hash="19-2C-71-56-F7-B3-94-C8-2A-43-D4-A3-8B-11-BE-87-38-D8-F8-5C">
      <ModulePath>C:\Program Files\dotnet\sdk\2.1.402\MSBuild.dll</ModulePath>
      <ModuleTime>2018-08-30T19:39:06Z</ModuleTime>
      <ModuleName>MSBuild</ModuleName>
      <Classes />
    </Module>
    <Module skippedDueTo="Filter" hash="E8-F7-67-C1-A6-5E-71-22-90-79-D8-36-E5-55-24-52-CE-D2-F5-9D">
      <ModulePath>C:\Program Files\dotnet\shared\Microsoft.NETCore.App\2.1.4\System.Runtime.dll</ModulePath>
      <ModuleTime>2018-08-14T02:22:08Z</ModuleTime>
      <ModuleName>System.Runtime</ModuleName>
      <Classes />
    </Module>
    <Module skippedDueTo="Filter" hash="4F-3B-C4-27-2B-4F-09-B2-12-5C-42-2C-A0-4D-48-22-7E-5F-C0-20">
      <ModulePath>C:\Program Files\dotnet\shared\Microsoft.NETCore.App\2.1.4\System.Runtime.Extensions.dll</ModulePath>
      <ModuleTime>2018-08-14T02:22:06Z</ModuleTime>
      <ModuleName>System.Runtime.Extensions</ModuleName>
      <Classes />
    </Module>
    <Module skippedDueTo="Filter" hash="CD-24-AD-3E-27-6B-E0-B2-4B-4D-A8-58-5F-4C-53-FA-BD-2C-FD-69">
      <ModulePath>C:\Program Files\dotnet\shared\Microsoft.NETCore.App\2.1.4\System.Threading.dll</ModulePath>
      <ModuleTime>2018-08-14T02:22:08Z</ModuleTime>
      <ModuleName>System.Threading</ModuleName>
      <Classes />
    </Module>
    <Module skippedDueTo="Filter" hash="D5-AA-D5-C7-0C-0A-C7-1F-15-5C-7F-E5-75-20-F4-62-1A-5C-9B-A3">
      <ModulePath>C:\Program Files\dotnet\shared\Microsoft.NETCore.App\2.1.4\System.Runtime.InteropServices.RuntimeInformation.dll</ModulePath>
      <ModuleTime>2018-08-14T02:22:06Z</ModuleTime>
      <ModuleName>System.Runtime.InteropServices.RuntimeInformation</ModuleName>
      <Classes />
    </Module>
    <Module skippedDueTo="Filter" hash="06-F7-72-EE-F5-31-8E-E0-77-F6-46-5F-98-A6-83-C4-29-04-EF-D7">
      <ModulePath>C:\Program Files\dotnet\shared\Microsoft.NETCore.App\2.1.4\System.Linq.dll</ModulePath>
      <ModuleTime>2018-08-14T02:22:04Z</ModuleTime>
      <ModuleName>System.Linq</ModuleName>
      <Classes />
    </Module>
    <Module skippedDueTo="Filter" hash="B6-25-6A-1C-E4-57-B8-82-39-55-AB-F6-DC-DC-F1-23-24-26-E9-36">
      <ModulePath>C:\Program Files\dotnet\shared\Microsoft.NETCore.App\2.1.4\System.Text.RegularExpressions.dll</ModulePath>
      <ModuleTime>2018-08-14T02:22:08Z</ModuleTime>
      <ModuleName>System.Text.RegularExpressions</ModuleName>
      <Classes />
    </Module>
    <Module skippedDueTo="Filter" hash="6B-9C-F2-3D-A4-7B-34-F0-CD-57-9D-4D-66-5D-CC-66-FD-A5-C1-12">
      <ModulePath>C:\Program Files\dotnet\shared\Microsoft.NETCore.App\2.1.4\System.Collections.dll</ModulePath>
      <ModuleTime>2018-08-14T02:22:02Z</ModuleTime>
      <ModuleName>System.Collections</ModuleName>
      <Classes />
    </Module>
    <Module skippedDueTo="Filter" hash="01-54-B2-E6-93-C2-AB-CA-4B-1A-64-76-0D-D7-77-BB-FC-48-8B-5B">
      <ModulePath>C:\Program Files\dotnet\shared\Microsoft.NETCore.App\2.1.4\System.Buffers.dll</ModulePath>
      <ModuleTime>2018-08-14T02:22:02Z</ModuleTime>
      <ModuleName>System.Buffers</ModuleName>
      <Classes />
    </Module>
    <Module skippedDueTo="Filter" hash="2A-22-00-69-69-85-FA-C4-C0-A3-CE-1B-40-9B-D5-78-89-B1-3F-35">
      <ModulePath>C:\Program Files\dotnet\shared\Microsoft.NETCore.App\2.1.4\System.IO.FileSystem.dll</ModulePath>
      <ModuleTime>2018-08-14T02:22:04Z</ModuleTime>
      <ModuleName>System.IO.FileSystem</ModuleName>
      <Classes />
    </Module>
    <Module skippedDueTo="Filter" hash="83-B1-69-D3-08-9D-97-7E-F5-D7-67-50-14-1B-B4-C7-DD-F1-BC-0C">
      <ModulePath>C:\Program Files\dotnet\shared\Microsoft.NETCore.App\2.1.4\System.Memory.dll</ModulePath>
      <ModuleTime>2018-08-14T02:22:04Z</ModuleTime>
      <ModuleName>System.Memory</ModuleName>
      <Classes />
    </Module>
    <Module skippedDueTo="Filter" hash="E3-4C-E2-08-88-26-02-19-7D-F4-60-11-C0-9E-F7-BA-6B-29-42-D0">
      <ModulePath>C:\Program Files\dotnet\shared\Microsoft.NETCore.App\2.1.4\System.Runtime.InteropServices.dll</ModulePath>
      <ModuleTime>2018-08-14T02:22:08Z</ModuleTime>
      <ModuleName>System.Runtime.InteropServices</ModuleName>
      <Classes />
    </Module>
    <Module skippedDueTo="Filter" hash="E0-72-C3-C9-40-8C-19-2C-23-EA-42-9D-AD-BF-17-15-85-86-3D-7D">
      <ModulePath>C:\Program Files\dotnet\shared\Microsoft.NETCore.App\2.1.4\System.Console.dll</ModulePath>
      <ModuleTime>2018-08-14T02:22:02Z</ModuleTime>
      <ModuleName>System.Console</ModuleName>
      <Classes />
    </Module>
    <Module skippedDueTo="Filter" hash="27-1A-7E-73-D4-94-0D-BA-E2-A8-41-69-62-22-03-A5-AA-75-D3-18">
      <ModulePath>C:\Program Files\dotnet\shared\Microsoft.NETCore.App\2.1.4\System.Diagnostics.Process.dll</ModulePath>
      <ModuleTime>2018-08-14T02:22:02Z</ModuleTime>
      <ModuleName>System.Diagnostics.Process</ModuleName>
      <Classes />
    </Module>
    <Module skippedDueTo="Filter" hash="F5-5D-7A-B2-FA-56-6B-68-B5-D0-C2-3E-2E-05-CC-7E-75-90-A0-63">
      <ModulePath>C:\Program Files\dotnet\shared\Microsoft.NETCore.App\2.1.4\System.ComponentModel.Primitives.dll</ModulePath>
      <ModuleTime>2018-08-14T02:22:02Z</ModuleTime>
      <ModuleName>System.ComponentModel.Primitives</ModuleName>
      <Classes />
    </Module>
    <Module skippedDueTo="Filter" hash="BF-5E-7D-2B-94-16-E0-AC-19-5F-FA-64-78-AC-23-93-60-FE-1E-6C">
      <ModulePath>C:\Program Files\dotnet\sdk\2.1.402\Microsoft.Build.Framework.dll</ModulePath>
      <ModuleTime>2018-08-30T19:36:24Z</ModuleTime>
      <ModuleName>Microsoft.Build.Framework</ModuleName>
      <Classes />
    </Module>
    <Module skippedDueTo="Filter" hash="E1-AA-1B-C3-75-B4-55-78-B7-13-55-79-5C-DD-73-C4-0E-61-4E-3B">
      <ModulePath>C:\Program Files\dotnet\shared\Microsoft.NETCore.App\2.1.4\netstandard.dll</ModulePath>
      <ModuleTime>2018-08-14T02:22:08Z</ModuleTime>
      <ModuleName>netstandard</ModuleName>
      <Classes />
    </Module>
    <Module skippedDueTo="Filter" hash="3F-86-01-40-00-25-0A-AB-8B-E8-B1-72-D6-CE-0A-4A-DD-A8-66-55">
      <ModulePath>C:\Program Files\dotnet\sdk\2.1.402\Microsoft.Build.dll</ModulePath>
      <ModuleTime>2018-08-30T19:36:22Z</ModuleTime>
      <ModuleName>Microsoft.Build</ModuleName>
      <Classes />
    </Module>
    <Module skippedDueTo="Filter" hash="6A-F0-2A-6F-22-B3-7D-EA-49-66-95-D8-CE-17-97-FA-C9-FB-0B-45">
      <ModulePath>C:\Program Files\dotnet\sdk\2.1.402\runtimes\win\lib\netcoreapp2.0\System.Text.Encoding.CodePages.dll</ModulePath>
      <ModuleTime>2018-08-30T19:35:16Z</ModuleTime>
      <ModuleName>System.Text.Encoding.CodePages</ModuleName>
      <Classes />
    </Module>
    <Module skippedDueTo="Filter" hash="0E-93-48-E7-BA-9F-E3-6C-49-53-F6-C6-4D-5A-10-7B-C2-CA-AE-35">
      <ModulePath>C:\Program Files\dotnet\shared\Microsoft.NETCore.App\2.1.4\System.Collections.Concurrent.dll</ModulePath>
      <ModuleTime>2018-08-14T02:22:02Z</ModuleTime>
      <ModuleName>System.Collections.Concurrent</ModuleName>
      <Classes />
    </Module>
    <Module skippedDueTo="Filter" hash="1A-63-5B-05-10-59-80-A5-75-B8-15-C9-EC-4F-4E-22-D7-64-29-B3">
      <ModulePath>C:\Program Files\dotnet\shared\Microsoft.NETCore.App\2.1.4\System.IO.Pipes.dll</ModulePath>
      <ModuleTime>2018-08-14T02:22:04Z</ModuleTime>
      <ModuleName>System.IO.Pipes</ModuleName>
      <Classes />
    </Module>
    <Module skippedDueTo="Filter" hash="4A-71-08-18-E1-89-15-BC-F6-E4-94-44-93-E7-EA-87-07-75-AA-69">
      <ModulePath>C:\Program Files\dotnet\shared\Microsoft.NETCore.App\2.1.4\System.Text.Encoding.Extensions.dll</ModulePath>
      <ModuleTime>2018-08-14T02:22:08Z</ModuleTime>
      <ModuleName>System.Text.Encoding.Extensions</ModuleName>
      <Classes />
    </Module>
    <Module skippedDueTo="Filter" hash="6B-EF-6F-BC-23-09-45-D3-76-E4-7B-8B-DB-0B-C0-05-AE-A9-73-01">
      <ModulePath>C:\Program Files\dotnet\shared\Microsoft.NETCore.App\2.1.4\System.Security.AccessControl.dll</ModulePath>
      <ModuleTime>2018-08-14T02:22:08Z</ModuleTime>
      <ModuleName>System.Security.AccessControl</ModuleName>
      <Classes />
    </Module>
    <Module skippedDueTo="Filter" hash="A8-1F-61-36-72-23-53-F7-9C-20-05-AD-20-C7-16-67-4E-30-0F-3A">
      <ModulePath>C:\Program Files\dotnet\shared\Microsoft.NETCore.App\2.1.4\System.Security.Principal.Windows.dll</ModulePath>
      <ModuleTime>2018-08-14T02:22:08Z</ModuleTime>
      <ModuleName>System.Security.Principal.Windows</ModuleName>
      <Classes />
    </Module>
    <Module skippedDueTo="Filter" hash="3E-1E-E7-1D-E0-F9-62-38-7D-D2-4F-BB-61-44-9D-7B-2A-A4-39-49">
      <ModulePath>C:\Program Files\dotnet\shared\Microsoft.NETCore.App\2.1.4\System.Security.Claims.dll</ModulePath>
      <ModuleTime>2018-08-14T02:22:08Z</ModuleTime>
      <ModuleName>System.Security.Claims</ModuleName>
      <Classes />
    </Module>
    <Module skippedDueTo="Filter" hash="B3-41-C4-98-43-FD-7A-13-6D-74-81-92-71-6B-17-92-9D-AD-89-1E">
      <ModulePath>C:\Program Files\dotnet\shared\Microsoft.NETCore.App\2.1.4\System.Security.Principal.dll</ModulePath>
      <ModuleTime>2018-08-14T02:22:08Z</ModuleTime>
      <ModuleName>System.Security.Principal</ModuleName>
      <Classes />
    </Module>
    <Module skippedDueTo="Filter" hash="8B-88-81-6E-31-08-35-2B-54-5D-08-93-06-68-4E-6B-A8-57-55-E3">
      <ModulePath>C:\Program Files\dotnet\shared\Microsoft.NETCore.App\2.1.4\System.Threading.Overlapped.dll</ModulePath>
      <ModuleTime>2018-08-14T02:22:08Z</ModuleTime>
      <ModuleName>System.Threading.Overlapped</ModuleName>
      <Classes />
    </Module>
    <Module skippedDueTo="Filter" hash="CD-3B-6E-3D-E5-27-AC-18-69-26-B3-DC-3B-0C-98-65-B8-E0-30-2E">
      <ModulePath>C:\Program Files\dotnet\shared\Microsoft.NETCore.App\2.1.4\System.Threading.Thread.dll</ModulePath>
      <ModuleTime>2018-08-14T02:22:08Z</ModuleTime>
      <ModuleName>System.Threading.Thread</ModuleName>
      <Classes />
    </Module>
    <Module skippedDueTo="Filter" hash="F6-8D-85-83-C0-44-D5-D1-A0-CE-05-93-04-4C-1B-EB-46-15-A8-95">
      <ModulePath>C:\Program Files\dotnet\shared\Microsoft.NETCore.App\2.1.4\System.Threading.Tasks.dll</ModulePath>
      <ModuleTime>2018-08-14T02:22:08Z</ModuleTime>
      <ModuleName>System.Threading.Tasks</ModuleName>
      <Classes />
    </Module>
    <Module skippedDueTo="Filter" hash="D2-5C-46-E3-4E-6B-DA-45-95-CA-B2-9A-57-0E-44-D0-C6-11-6D-B4">
      <ModulePath>C:\Program Files\dotnet\shared\Microsoft.NETCore.App\2.1.4\System.ObjectModel.dll</ModulePath>
      <ModuleTime>2018-08-14T02:22:06Z</ModuleTime>
      <ModuleName>System.ObjectModel</ModuleName>
      <Classes />
    </Module>
    <Module skippedDueTo="Filter" hash="BC-3E-A5-A0-02-6C-00-A1-C4-B5-27-47-8D-03-9B-A7-38-28-70-8E">
      <ModulePath>C:\Program Files\dotnet\shared\Microsoft.NETCore.App\2.1.4\System.Threading.Tasks.Dataflow.dll</ModulePath>
      <ModuleTime>2018-08-14T02:22:08Z</ModuleTime>
      <ModuleName>System.Threading.Tasks.Dataflow</ModuleName>
      <Classes />
    </Module>
    <Module skippedDueTo="Filter" hash="86-B1-BB-74-9E-B8-86-AC-75-A0-AB-A8-7F-1D-AF-8E-60-BA-EE-95">
      <ModulePath>C:\Program Files\dotnet\shared\Microsoft.NETCore.App\2.1.4\System.Diagnostics.Tracing.dll</ModulePath>
      <ModuleTime>2018-08-14T02:22:02Z</ModuleTime>
      <ModuleName>System.Diagnostics.Tracing</ModuleName>
      <Classes />
    </Module>
    <Module skippedDueTo="Filter" hash="13-B4-7C-EF-85-9A-B9-BA-EE-A3-31-4D-1B-0D-54-8B-00-72-9B-CD">
      <ModulePath>C:\Program Files\dotnet\shared\Microsoft.NETCore.App\2.1.4\System.Private.CoreLib.dll</ModulePath>
      <ModuleTime>2018-08-14T02:22:08Z</ModuleTime>
      <ModuleName>System.Private.CoreLib</ModuleName>
      <Classes />
    </Module>
    <Module skippedDueTo="Filter" hash="9C-DD-99-2D-46-64-AC-52-23-64-29-39-D5-7F-72-5E-21-35-BA-4D">
      <ModulePath>C:\Program Files\dotnet\sdk\2.1.402\dotnet.dll</ModulePath>
      <ModuleTime>2018-08-30T19:35:14Z</ModuleTime>
      <ModuleName>dotnet</ModuleName>
      <Classes />
    </Module>
    <Module skippedDueTo="Filter" hash="ED-3C-BD-47-B2-92-99-A4-F9-E7-FF-7A-EC-BD-12-73-F0-64-D0-F5">
[...]
      <ModulePath>C:\Users\marci\.nuget\packages\nbuilder\6.0.0\lib\netstandard1.6\FizzWare.NBuilder.dll</ModulePath>
      <ModuleTime>2018-07-07T21:34:36Z</ModuleTime>
      <ModuleName>FizzWare.NBuilder</ModuleName>
      <Classes />
    </Module>
    <Module skippedDueTo="Filter" hash="E7-80-30-F5-71-B3-8E-6B-D5-65-55-44-F1-0B-6B-05-B4-06-24-3F">
      <ModulePath>C:\Program Files\dotnet\shared\Microsoft.NETCore.App\2.1.4\System.ComponentModel.dll</ModulePath>
      <ModuleTime>2018-08-14T02:22:02Z</ModuleTime>
      <ModuleName>System.ComponentModel</ModuleName>
      <Classes />
    </Module>
    <Module skippedDueTo="Filter" hash="52-57-15-FA-96-10-03-25-7D-A4-FE-C4-BF-6D-98-F5-AD-16-33-72">
      <ModulePath>C:\Users\marci\.nuget\packages\faker.netcore\1.0.1\lib\netstandard1.6\Faker.NETCore.dll</ModulePath>
      <ModuleTime>2017-05-16T16:24:26Z</ModuleTime>
      <ModuleName>Faker.NETCore</ModuleName>
      <Classes />
    </Module>
    <Module skippedDueTo="Filter" hash="CD-FC-CA-BF-1E-7E-69-39-02-B8-F7-FE-BA-AC-32-DF-93-10-08-90">
      <ModulePath>C:\Program Files\dotnet\shared\Microsoft.NETCore.App\2.1.4\System.ComponentModel.TypeConverter.dll</ModulePath>
      <ModuleTime>2018-08-14T02:22:02Z</ModuleTime>
      <ModuleName>System.ComponentModel.TypeConverter</ModuleName>
      <Classes />
    </Module>
    <Module skippedDueTo="Filter" hash="01-54-B2-E6-93-C2-AB-CA-4B-1A-64-76-0D-D7-77-BB-FC-48-8B-5B">
      <ModulePath>C:\Program Files\dotnet\shared\Microsoft.NETCore.App\2.1.4\System.Buffers.dll</ModulePath>
      <ModuleTime>2018-08-14T02:22:02Z</ModuleTime>
      <ModuleName>System.Buffers</ModuleName>
      <Classes />
    </Module>
    <Module skippedDueTo="Filter" hash="D0-57-CC-A3-D6-68-5C-21-91-41-AB-F6-DB-AE-80-67-6D-7F-67-3A">
      <ModulePath>C:\Program Files\dotnet\shared\Microsoft.NETCore.App\2.1.4\System.Runtime.Serialization.Json.dll</ModulePath>
      <ModuleTime>2018-08-14T02:22:08Z</ModuleTime>
      <ModuleName>System.Runtime.Serialization.Json</ModuleName>
      <Classes />
    </Module>
    <Module skippedDueTo="Filter" hash="AF-53-C2-E4-62-19-47-01-2A-BB-36-2D-A6-80-F9-96-35-96-0E-60">
      <ModulePath>C:\Program Files\dotnet\shared\Microsoft.NETCore.App\2.1.4\System.Private.DataContractSerialization.dll</ModulePath>
      <ModuleTime>2018-08-14T02:22:06Z</ModuleTime>
      <ModuleName>System.Private.DataContractSerialization</ModuleName>
      <Classes />
    </Module>
    <Module skippedDueTo="Filter" hash="BD-87-6C-31-0C-02-C6-7B-C7-00-1D-FB-21-2F-57-AF-0F-67-20-91">
      <ModulePath>C:\Program Files\dotnet\shared\Microsoft.NETCore.App\2.1.4\System.Reflection.Emit.ILGeneration.dll</ModulePath>
      <ModuleTime>2018-08-14T02:22:06Z</ModuleTime>
      <ModuleName>System.Reflection.Emit.ILGeneration</ModuleName>
      <Classes />
    </Module>
    <Module skippedDueTo="Filter" hash="57-50-2D-73-83-71-94-8E-5C-88-4E-7A-B8-1D-07-A4-4B-B4-A4-8D">
      <ModulePath>C:\Program Files\dotnet\shared\Microsoft.NETCore.App\2.1.4\System.Reflection.Emit.Lightweight.dll</ModulePath>
      <ModuleTime>2018-08-14T02:22:06Z</ModuleTime>
      <ModuleName>System.Reflection.Emit.Lightweight</ModuleName>
      <Classes />
    </Module>
    <Module skippedDueTo="Filter" hash="A0-01-F8-53-B1-DA-96-B8-57-12-70-6C-CB-A3-EB-5E-62-EE-68-B4">
      <ModulePath>C:\Program Files\dotnet\shared\Microsoft.NETCore.App\2.1.4\System.Reflection.Primitives.dll</ModulePath>
      <ModuleTime>2018-08-14T02:22:06Z</ModuleTime>
      <ModuleName>System.Reflection.Primitives</ModuleName>
      <Classes />
    </Module>
    <Module skippedDueTo="Filter" hash="DB-18-B8-60-92-CF-EB-77-D9-93-D4-20-1D-8B-6A-64-1F-FA-65-A0">
      <ModulePath>C:\Program Files\dotnet\shared\Microsoft.NETCore.App\2.1.4\System.Collections.NonGeneric.dll</ModulePath>
      <ModuleTime>2018-08-14T02:22:02Z</ModuleTime>
      <ModuleName>System.Collections.NonGeneric</ModuleName>
      <Classes />
    </Module>
    <Module skippedDueTo="Filter" hash="CA-39-83-49-1A-FC-6C-E6-91-A2-66-3A-09-43-D5-B6-6E-78-24-DF">
      <ModulePath>C:\Program Files\dotnet\shared\Microsoft.NETCore.App\2.1.4\System.Collections.Specialized.dll</ModulePath>
      <ModuleTime>2018-08-14T02:22:02Z</ModuleTime>
      <ModuleName>System.Collections.Specialized</ModuleName>
      <Classes />
    </Module>
    <Module skippedDueTo="Filter" hash="AF-23-DD-B6-BC-B6-B8-9C-23-C9-6D-67-A4-95-66-AA-F8-4E-29-3F">
      <ModulePath>C:\Program Files\dotnet\shared\Microsoft.NETCore.App\2.1.4\System.Drawing.Primitives.dll</ModulePath>
      <ModuleTime>2018-08-14T02:22:02Z</ModuleTime>
      <ModuleName>System.Drawing.Primitives</ModuleName>
      <Classes />
    </Module>
    <Module skippedDueTo="Filter" hash="A5-26-51-59-8E-75-6F-71-44-5D-7D-06-EF-F4-23-40-22-DF-0A-78">
      <ModulePath>C:\Program Files\dotnet\shared\Microsoft.NETCore.App\2.1.4\System.IO.FileSystem.Primitives.dll</ModulePath>
      <ModuleTime>2018-08-14T02:22:04Z</ModuleTime>
      <ModuleName>System.IO.FileSystem.Primitives</ModuleName>
      <Classes />
    </Module>
    <Module skippedDueTo="Filter" hash="2A-22-00-69-69-85-FA-C4-C0-A3-CE-1B-40-9B-D5-78-89-B1-3F-35">
      <ModulePath>C:\Program Files\dotnet\shared\Microsoft.NETCore.App\2.1.4\System.IO.FileSystem.dll</ModulePath>
      <ModuleTime>2018-08-14T02:22:04Z</ModuleTime>
      <ModuleName>System.IO.FileSystem</ModuleName>
      <Classes />
    </Module>
    <Module skippedDueTo="Filter" hash="FD-CB-C5-BF-CC-05-21-89-A0-5D-A7-0D-12-6D-11-1A-44-68-78-89">
      <ModulePath>C:\Program Files\dotnet\shared\Microsoft.NETCore.App\2.1.4\System.Runtime.Loader.dll</ModulePath>
      <ModuleTime>2018-08-14T02:22:08Z</ModuleTime>
      <ModuleName>System.Runtime.Loader</ModuleName>
      <Classes />
    </Module>
    <Module skippedDueTo="Filter" hash="67-97-99-39-84-F7-16-4E-E7-62-EA-DC-7C-83-21-8F-A9-D9-A1-A0">
      <ModulePath>D:\GIT\ControleOrcamentoWebApi\Contextos\Testes\ControleOrcamento.Contexto.Domain.Teste\bin\Debug\netcoreapp2.1\Microsoft.VisualStudio.TestPlatform.MSTest.TestAdapter.dll</ModulePath>
      <ModuleTime>2018-06-05T15:51:36Z</ModuleTime>
      <ModuleName>Microsoft.VisualStudio.TestPlatform.MSTest.TestAdapter</ModuleName>
      <Classes />
    </Module>
    <Module skippedDueTo="Filter" hash="2C-62-7B-BD-C3-0A-47-51-00-4A-0B-AA-F8-1C-21-A6-19-64-6F-4B">
      <ModulePath>C:\Program Files\dotnet\shared\Microsoft.NETCore.App\2.1.4\System.Reflection.TypeExtensions.dll</ModulePath>
      <ModuleTime>2018-08-14T02:22:06Z</ModuleTime>
      <ModuleName>System.Reflection.TypeExtensions</ModuleName>
      <Classes />
    </Module>
    <Module skippedDueTo="Filter" hash="44-8F-EE-BC-56-83-22-04-15-20-82-7D-BF-FA-A8-E8-9C-33-D9-E8">
      <ModulePath>C:\Users\marci\.nuget\packages\mstest.testframework\1.3.2\lib\netstandard1.0\Microsoft.VisualStudio.TestPlatform.TestFramework.dll</ModulePath>
      <ModuleTime>2018-06-05T15:47:02Z</ModuleTime>
      <ModuleName>Microsoft.VisualStudio.TestPlatform.TestFramework</ModuleName>
      <Classes />
    </Module>
    <Module skippedDueTo="Filter" hash="6F-CB-80-19-07-E6-7F-D6-F9-1D-EB-CD-AD-79-88-FA-B9-E8-91-A5">
      <ModulePath>D:\GIT\ControleOrcamentoWebApi\Contextos\Testes\ControleOrcamento.Contexto.Domain.Teste\bin\Debug\netcoreapp2.1\Microsoft.VisualStudio.TestPlatform.MSTestAdapter.PlatformServices.Interface.dll</ModulePath>
      <ModuleTime>2018-06-05T15:50:06Z</ModuleTime>
      <ModuleName>Microsoft.VisualStudio.TestPlatform.MSTestAdapter.PlatformServices.Interface</ModuleName>
      <Classes />
    </Module>
    <Module skippedDueTo="Filter" hash="8B-32-8B-73-AE-9C-38-48-B6-4D-33-F3-0B-D9-DD-5F-E3-1B-D8-5D">
      <ModulePath>D:\GIT\ControleOrcamentoWebApi\Contextos\Testes\ControleOrcamento.Contexto.Domain.Teste\bin\Debug\netcoreapp2.1\Microsoft.VisualStudio.TestPlatform.MSTestAdapter.PlatformServices.dll</ModulePath>
      <ModuleTime>2018-06-05T15:57:26Z</ModuleTime>
      <ModuleName>Microsoft.VisualStudio.TestPlatform.MSTestAdapter.PlatformServices</ModuleName>
      <Classes />
    </Module>
    <Module skippedDueTo="Filter" hash="C5-BB-E6-D5-7B-1E-87-E9-0D-6C-AD-99-BA-85-E5-5A-3C-E9-DC-F6">
      <ModulePath>C:\Program Files\dotnet\shared\Microsoft.NETCore.App\2.1.4\System.Xml.ReaderWriter.dll</ModulePath>
      <ModuleTime>2018-08-14T02:22:08Z</ModuleTime>
      <ModuleName>System.Xml.ReaderWriter</ModuleName>
      <Classes />
    </Module>
    <Module skippedDueTo="Filter" hash="CD-3B-6E-3D-E5-27-AC-18-69-26-B3-DC-3B-0C-98-65-B8-E0-30-2E">
      <ModulePath>C:\Program Files\dotnet\shared\Microsoft.NETCore.App\2.1.4\System.Threading.Thread.dll</ModulePath>
      <ModuleTime>2018-08-14T02:22:08Z</ModuleTime>
      <ModuleName>System.Threading.Thread</ModuleName>
      <Classes />
    </Module>
    <Module skippedDueTo="Filter" hash="C7-73-EA-BF-21-79-2B-AA-36-96-FD-F7-9A-D6-4F-B2-D3-18-80-FA">
      <ModulePath>C:\Program Files\dotnet\shared\Microsoft.NETCore.App\2.1.4\System.Security.Cryptography.Algorithms.dll</ModulePath>
      <ModuleTime>2018-08-14T02:22:08Z</ModuleTime>
      <ModuleName>System.Security.Cryptography.Algorithms</ModuleName>
      <Classes />
    </Module>
    <Module skippedDueTo="Filter" hash="9B-EB-64-A8-4E-A4-10-CD-91-3C-9A-66-1D-16-3C-06-7B-8B-FB-3A">
      <ModulePath>C:\Program Files\dotnet\shared\Microsoft.NETCore.App\2.1.4\System.Threading.Timer.dll</ModulePath>
      <ModuleTime>2018-08-14T02:22:08Z</ModuleTime>
      <ModuleName>System.Threading.Timer</ModuleName>
      <Classes />
    </Module>
    <Module skippedDueTo="Filter" hash="D8-EA-2C-34-9E-31-40-11-A2-D4-19-16-90-4A-73-AF-7A-60-CC-D5">
      <ModulePath>C:\Program Files\dotnet\shared\Microsoft.NETCore.App\2.1.4\System.Xml.XmlDocument.dll</ModulePath>
      <ModuleTime>2018-08-14T02:22:08Z</ModuleTime>
      <ModuleName>System.Xml.XmlDocument</ModuleName>
      <Classes />
    </Module>
    <Module skippedDueTo="Filter" hash="7F-FB-81-39-FC-B7-D6-B0-6E-E7-F1-D1-B8-35-3B-0B-C1-31-4B-F1">
      <ModulePath>C:\Program Files\dotnet\shared\Microsoft.NETCore.App\2.1.4\System.Resources.ResourceManager.dll</ModulePath>
      <ModuleTime>2018-08-14T02:22:06Z</ModuleTime>
      <ModuleName>System.Resources.ResourceManager</ModuleName>
      <Classes />
    </Module>
    <Module skippedDueTo="Filter" hash="D5-AA-D5-C7-0C-0A-C7-1F-15-5C-7F-E5-75-20-F4-62-1A-5C-9B-A3">
      <ModulePath>C:\Program Files\dotnet\shared\Microsoft.NETCore.App\2.1.4\System.Runtime.InteropServices.RuntimeInformation.dll</ModulePath>
      <ModuleTime>2018-08-14T02:22:06Z</ModuleTime>
      <ModuleName>System.Runtime.InteropServices.RuntimeInformation</ModuleName>
      <Classes />
    </Module>
    <Module skippedDueTo="Filter" hash="4A-71-08-18-E1-89-15-BC-F6-E4-94-44-93-E7-EA-87-07-75-AA-69">
      <ModulePath>C:\Program Files\dotnet\shared\Microsoft.NETCore.App\2.1.4\System.Text.Encoding.Extensions.dll</ModulePath>
      <ModuleTime>2018-08-14T02:22:08Z</ModuleTime>
      <ModuleName>System.Text.Encoding.Extensions</ModuleName>
      <Classes />
    </Module>
    <Module skippedDueTo="Filter" hash="CB-8B-14-06-4A-3F-7E-30-E5-8E-A1-A0-DC-E2-F0-02-91-67-FD-EA">
      <ModulePath>D:\GIT\ControleOrcamentoWebApi\Contextos\Testes\ControleOrcamento.Contexto.Domain.Teste\bin\Debug\netcoreapp2.1\ControleOrcamento.Contexto.Domain.Teste.dll</ModulePath>
      <ModuleTime>2018-11-25T14:15:30.1764461Z</ModuleTime>
      <ModuleName>ControleOrcamento.Contexto.Domain.Teste</ModuleName>
      <Classes />
    </Module>
    <Module skippedDueTo="Filter" hash="4A-9F-68-D5-C7-9E-BA-8A-32-85-E9-8C-8C-6B-FD-0B-D9-C7-18-7B">
      <ModulePath>D:\GIT\ControleOrcamentoWebApi\Contextos\Testes\ControleOrcamento.Contexto.Domain.Teste\bin\Debug\netcoreapp2.1\ControleOrcamento.Contexto.Domain.dll</ModulePath>
      <ModuleTime>2018-11-25T14:15:13.6624351Z</ModuleTime>
      <ModuleName>ControleOrcamento.Contexto.Domain</ModuleName>
      <Classes />
    </Module>
    <Module skippedDueTo="Filter" hash="EE-BE-C4-8B-E2-05-A3-4C-AF-96-19-4E-55-4B-50-5B-1F-C2-11-12">
      <ModulePath>C:\Users\marci\.nuget\packages\flunt\1.0.2\lib\netstandard1.3\Flunt.dll</ModulePath>
      <ModuleTime>2017-11-07T20:31:56Z</ModuleTime>
      <ModuleName>Flunt</ModuleName>
      <Classes />
    </Module>
    <Module skippedDueTo="Filter" hash="CD-FC-CA-BF-1E-7E-69-39-02-B8-F7-FE-BA-AC-32-DF-93-10-08-90">
      <ModulePath>C:\Program Files\dotnet\shared\Microsoft.NETCore.App\2.1.4\System.ComponentModel.TypeConverter.dll</ModulePath>
      <ModuleTime>2018-08-14T02:22:02Z</ModuleTime>
      <ModuleName>System.ComponentModel.TypeConverter</ModuleName>
      <Classes />
    </Module>
    <Module skippedDueTo="Filter" hash="0E-93-48-E7-BA-9F-E3-6C-49-53-F6-C6-4D-5A-10-7B-C2-CA-AE-35">
      <ModulePath>C:\Program Files\dotnet\shared\Microsoft.NETCore.App\2.1.4\System.Collections.Concurrent.dll</ModulePath>
      <ModuleTime>2018-08-14T02:22:02Z</ModuleTime>
      <ModuleName>System.Collections.Concurrent</ModuleName>
      <Classes />
    </Module>
    <Module skippedDueTo="Filter" hash="C2-05-D8-DE-ED-93-2F-89-DC-DE-A8-78-0E-E2-57-91-10-10-53-27">
      <ModulePath>C:\Users\marci\.nuget\packages\mstest.testframework\1.3.2\lib\netstandard1.0\Microsoft.VisualStudio.TestPlatform.TestFramework.Extensions.dll</ModulePath>
      <ModuleTime>2018-06-05T15:49:10Z</ModuleTime>
      <ModuleName>Microsoft.VisualStudio.TestPlatform.TestFramework.Extensions</ModuleName>
      <Classes />
    </Module>
    <Module skippedDueTo="Filter" hash="C6-F9-B0-24-E9-5F-D9-05-13-31-15-95-FD-3D-03-6F-4E-B7-86-D4">
      <ModulePath>C:\Program Files\dotnet\shared\Microsoft.NETCore.App\2.1.4\System.Diagnostics.TextWriterTraceListener.dll</ModulePath>
      <ModuleTime>2018-08-14T02:22:02Z</ModuleTime>
      <ModuleName>System.Diagnostics.TextWriterTraceListener</ModuleName>
      <Classes />
    </Module>
    <Module skippedDueTo="Filter" hash="E0-72-C3-C9-40-8C-19-2C-23-EA-42-9D-AD-BF-17-15-85-86-3D-7D">
      <ModulePath>C:\Program Files\dotnet\shared\Microsoft.NETCore.App\2.1.4\System.Console.dll</ModulePath>
      <ModuleTime>2018-08-14T02:22:02Z</ModuleTime>
      <ModuleName>System.Console</ModuleName>
      <Classes />
    </Module>
    <Module skippedDueTo="Filter" hash="01-54-B2-E6-93-C2-AB-CA-4B-1A-64-76-0D-D7-77-BB-FC-48-8B-5B">
      <ModulePath>C:\Program Files\dotnet\shared\Microsoft.NETCore.App\2.1.4\System.Buffers.dll</ModulePath>
      <ModuleTime>2018-08-14T02:22:02Z</ModuleTime>
      <ModuleName>System.Buffers</ModuleName>
      <Classes />
    </Module>
    <Module skippedDueTo="Filter" hash="94-FE-92-D4-F8-BA-A4-F0-EF-67-2E-A1-24-87-4F-7F-96-BF-76-BB">
      <ModulePath>C:\Program Files\dotnet\shared\Microsoft.NETCore.App\2.1.4\System.Security.Cryptography.Primitives.dll</ModulePath>
      <ModuleTime>2018-08-14T02:22:08Z</ModuleTime>
      <ModuleName>System.Security.Cryptography.Primitives</ModuleName>
      <Classes />
    </Module>
    <Module skippedDueTo="Filter" hash="11-88-E9-E9-EC-9E-F0-57-86-57-49-8F-FE-09-57-20-B8-E5-DA-3E">
      <ModulePath>D:\GIT\ControleOrcamentoWebApi\Contextos\Testes\ControleOrcamento.Contexto.Domain.Teste\bin\Debug\netcoreapp2.1\ControleOrcamento.Mocks.Teste.dll</ModulePath>
      <ModuleTime>2018-11-25T14:15:24.2160128Z</ModuleTime>
      <ModuleName>ControleOrcamento.Mocks.Teste</ModuleName>
      <Classes />
    </Module>
    <Module skippedDueTo="Filter" hash="43-13-0B-06-C1-2E-50-1D-20-00-DD-D1-3C-B5-75-6B-47-61-8B-B9">
      <ModulePath>D:\GIT\ControleOrcamentoWebApi\Contextos\Testes\ControleOrcamento.Contexto.Domain.Teste\bin\Debug\netcoreapp2.1\ControleOrcamento.ContextoUsuario.Domain.dll</ModulePath>
      <ModuleTime>2018-11-25T14:15:17.5618579Z</ModuleTime>
      <ModuleName>ControleOrcamento.ContextoUsuario.Domain</ModuleName>
      <Classes />
    </Module>
    <Module skippedDueTo="Filter" hash="D6-CF-2A-9C-66-8D-6E-7D-F0-22-43-DC-6F-DB-5C-39-53-A6-FB-15">
      <ModulePath>C:\Users\marci\.nuget\packages\nbuilder\6.0.0\lib\netstandard1.6\FizzWare.NBuilder.dll</ModulePath>
      <ModuleTime>2018-07-07T21:34:36Z</ModuleTime>
      <ModuleName>FizzWare.NBuilder</ModuleName>
      <Classes />
    </Module>
    <Module skippedDueTo="Filter" hash="52-57-15-FA-96-10-03-25-7D-A4-FE-C4-BF-6D-98-F5-AD-16-33-72">
      <ModulePath>C:\Users\marci\.nuget\packages\faker.netcore\1.0.1\lib\netstandard1.6\Faker.NETCore.dll</ModulePath>
      <ModuleTime>2017-05-16T16:24:26Z</ModuleTime>
      <ModuleName>Faker.NETCore</ModuleName>
      <Classes />
    </Module>
    <Module skippedDueTo="Filter" hash="E7-80-30-F5-71-B3-8E-6B-D5-65-55-44-F1-0B-6B-05-B4-06-24-3F">
      <ModulePath>C:\Program Files\dotnet\shared\Microsoft.NETCore.App\2.1.4\System.ComponentModel.dll</ModulePath>
      <ModuleTime>2018-08-14T02:22:02Z</ModuleTime>
      <ModuleName>System.ComponentModel</ModuleName>
      <Classes />
    </Module>
    <Module skippedDueTo="Filter" hash="CD-FC-CA-BF-1E-7E-69-39-02-B8-F7-FE-BA-AC-32-DF-93-10-08-90">
      <ModulePath>C:\Program Files\dotnet\shared\Microsoft.NETCore.App\2.1.4\System.ComponentModel.TypeConverter.dll</ModulePath>
      <ModuleTime>2018-08-14T02:22:02Z</ModuleTime>
      <ModuleName>System.ComponentModel.TypeConverter</ModuleName>
      <Classes />
    </Module>
    <Module skippedDueTo="Filter" hash="D0-57-CC-A3-D6-68-5C-21-91-41-AB-F6-DB-AE-80-67-6D-7F-67-3A">
      <ModulePath>C:\Program Files\dotnet\shared\Microsoft.NETCore.App\2.1.4\System.Runtime.Serialization.Json.dll</ModulePath>
      <ModuleTime>2018-08-14T02:22:08Z</ModuleTime>
      <ModuleName>System.Runtime.Serialization.Json</ModuleName>
      <Classes />
    </Module>
    <Module skippedDueTo="Filter" hash="AF-53-C2-E4-62-19-47-01-2A-BB-36-2D-A6-80-F9-96-35-96-0E-60">
      <ModulePath>C:\Program Files\dotnet\shared\Microsoft.NETCore.App\2.1.4\System.Private.DataContractSerialization.dll</ModulePath>
      <ModuleTime>2018-08-14T02:22:06Z</ModuleTime>
      <ModuleName>System.Private.DataContractSerialization</ModuleName>
      <Classes />
    </Module>
    <Module skippedDueTo="Filter" hash="BD-87-6C-31-0C-02-C6-7B-C7-00-1D-FB-21-2F-57-AF-0F-67-20-91">
      <ModulePath>C:\Program Files\dotnet\shared\Microsoft.NETCore.App\2.1.4\System.Reflection.Emit.ILGeneration.dll</ModulePath>
      <ModuleTime>2018-08-14T02:22:06Z</ModuleTime>
      <ModuleName>System.Reflection.Emit.ILGeneration</ModuleName>
      <Classes />
    </Module>
    <Module skippedDueTo="Filter" hash="57-50-2D-73-83-71-94-8E-5C-88-4E-7A-B8-1D-07-A4-4B-B4-A4-8D">
      <ModulePath>C:\Program Files\dotnet\shared\Microsoft.NETCore.App\2.1.4\System.Reflection.Emit.Lightweight.dll</ModulePath>
      <ModuleTime>2018-08-14T02:22:06Z</ModuleTime>
      <ModuleName>System.Reflection.Emit.Lightweight</ModuleName>
      <Classes />
    </Module>
    <Module skippedDueTo="Filter" hash="A0-01-F8-53-B1-DA-96-B8-57-12-70-6C-CB-A3-EB-5E-62-EE-68-B4">
      <ModulePath>C:\Program Files\dotnet\shared\Microsoft.NETCore.App\2.1.4\System.Reflection.Primitives.dll</ModulePath>
      <ModuleTime>2018-08-14T02:22:06Z</ModuleTime>
      <ModuleName>System.Reflection.Primitives</ModuleName>
      <Classes />
    </Module>
    <Module skippedDueTo="Filter" hash="CA-39-83-49-1A-FC-6C-E6-91-A2-66-3A-09-43-D5-B6-6E-78-24-DF">
      <ModulePath>C:\Program Files\dotnet\shared\Microsoft.NETCore.App\2.1.4\System.Collections.Specialized.dll</ModulePath>
      <ModuleTime>2018-08-14T02:22:02Z</ModuleTime>
      <ModuleName>System.Collections.Specialized</ModuleName>
      <Classes />
    </Module>
    <Module skippedDueTo="Filter" hash="AF-23-DD-B6-BC-B6-B8-9C-23-C9-6D-67-A4-95-66-AA-F8-4E-29-3F">
      <ModulePath>C:\Program Files\dotnet\shared\Microsoft.NETCore.App\2.1.4\System.Drawing.Primitives.dll</ModulePath>
      <ModuleTime>2018-08-14T02:22:02Z</ModuleTime>
      <ModuleName>System.Drawing.Primitives</ModuleName>
      <Classes />
    </Module>
  </Modules>
</CoverageSession>